2026-01-02 12:31:45,301 [INFO] Activator:176 - 


2026-01-02 12:31:45,302 [INFO] Activator:177 - !SESSION log4j initialized
2026-01-02 12:31:48,125 [INFO] LogOutputStream:77 - [STDOUT_REDIRECT] 
2026-01-02 12:31:55,262 [INFO] ApplicationProperties:184 - Using Application install path: C:\ST\STM32CubeIDE_1.17.0\STM32CubeIDE\plugins\com.st.stm32cube.common.mx_6.13.0.202411220809
2026-01-02 12:31:55,281 [INFO] DbMcusXml:78 - Set database path to: C:\ST\STM32CubeIDE_1.17.0\STM32CubeIDE\plugins\com.st.stm32cube.common.mx_6.13.0.202411220809\\db\/mcu/
2026-01-02 12:31:55,282 [INFO] ApiDb:274 - Set plugin database path to: C:\ST\STM32CubeIDE_1.17.0\STM32CubeIDE\plugins\com.st.stm32cube.common.mx_6.13.0.202411220809\\db\/plugins/boardmanager/
2026-01-02 12:31:55,283 [WARN] ApiDb:259 - Overriding images path with different value:  => C:\ST\STM32CubeIDE_1.17.0\STM32CubeIDE\plugins\com.st.stm32cube.common.mx_6.13.0.202411220809\\db\/plugins/mcufinder/images/
2026-01-02 12:31:55,293 [INFO] ApiDb:250 - Set database path to: C:\Users\GaneshChintalapaty\.stmcufinder\plugins\mcufinder//mcu/
2026-01-02 12:31:55,294 [INFO] DbMcusAds:125 - Set database path to: C:\Users\GaneshChintalapaty\.stmcufinder\plugins\mcufinder//mcu/
2026-01-02 12:31:55,332 [INFO] CrossReferenceDbSqlite:203 - Set database path to: C:\Users\GaneshChintalapaty\.stmcufinder\plugins\mcufinder//mcu/cs/
2026-01-02 12:31:55,450 [INFO] RulesReader:64 - Compatibility file has been processed (297 Rules)
2026-01-02 12:31:55,534 [INFO] DbMcusXml:78 - Set database path to: C:\ST\STM32CubeIDE_1.17.0\STM32CubeIDE\plugins\com.st.stm32cube.common.mx_6.13.0.202411220809\\db\/mcu/
2026-01-02 12:31:55,534 [INFO] ApiDb:274 - Set plugin database path to: C:\ST\STM32CubeIDE_1.17.0\STM32CubeIDE\plugins\com.st.stm32cube.common.mx_6.13.0.202411220809\\db\/plugins/boardmanager/
2026-01-02 12:31:55,534 [INFO] ApiDb:261 - Set plugin images path to: C:\ST\STM32CubeIDE_1.17.0\STM32CubeIDE\plugins\com.st.stm32cube.common.mx_6.13.0.202411220809\\db\/plugins/mcufinder/images/
2026-01-02 12:31:55,535 [WARN] DbFile:41 - Overriding database path with different value: C:\Users\GaneshChintalapaty\.stmcufinder\plugins\mcufinder/ => C:\Users\GaneshChintalapaty\.stmcufinder\plugins\mcufinder
2026-01-02 12:31:55,535 [INFO] ApiDb:250 - Set database path to: C:\Users\GaneshChintalapaty\.stmcufinder\plugins\mcufinder//mcu/
2026-01-02 12:31:55,535 [WARN] DbFile:41 - Overriding database path with different value: C:\Users\GaneshChintalapaty\.stmcufinder\plugins\mcufinder/ => C:\Users\GaneshChintalapaty\.stmcufinder\plugins\mcufinder
2026-01-02 12:31:55,535 [INFO] DbMcusAds:125 - Set database path to: C:\Users\GaneshChintalapaty\.stmcufinder\plugins\mcufinder//mcu/
2026-01-02 12:31:55,535 [WARN] DbFile:41 - Overriding database path with different value: C:\Users\GaneshChintalapaty\.stmcufinder\plugins\mcufinder/ => C:\Users\GaneshChintalapaty\.stmcufinder\plugins\mcufinder
2026-01-02 12:31:55,535 [WARN] DbFile:41 - Overriding database path with different value: C:\Users\GaneshChintalapaty\.stmcufinder\plugins\mcufinder/ => C:\Users\GaneshChintalapaty\.stmcufinder\plugins\mcufinder
2026-01-02 12:31:55,535 [INFO] CrossReferenceDbSqlite:203 - Set database path to: C:\Users\GaneshChintalapaty\.stmcufinder\plugins\mcufinder//mcu/cs/
2026-01-02 12:31:55,619 [INFO] MainPanel:272 - HeapMemory: 268435456
2026-01-02 12:31:55,749 [INFO] DbMcusXml:78 - Set database path to: C:\ST\STM32CubeIDE_1.17.0\STM32CubeIDE\plugins\com.st.stm32cube.common.mx_6.13.0.202411220809\\db\/mcu/
2026-01-02 12:31:55,750 [INFO] ApiDb:274 - Set plugin database path to: C:\ST\STM32CubeIDE_1.17.0\STM32CubeIDE\plugins\com.st.stm32cube.common.mx_6.13.0.202411220809\\db\/plugins/boardmanager/
2026-01-02 12:31:55,750 [INFO] ApiDb:261 - Set plugin images path to: C:\ST\STM32CubeIDE_1.17.0\STM32CubeIDE\plugins\com.st.stm32cube.common.mx_6.13.0.202411220809\\db\/plugins/mcufinder/images/
2026-01-02 12:31:55,750 [WARN] DbFile:41 - Overriding database path with different value: C:\Users\GaneshChintalapaty\.stmcufinder\plugins\mcufinder/ => C:\Users\GaneshChintalapaty\.stmcufinder\plugins\mcufinder
2026-01-02 12:31:55,750 [INFO] ApiDb:250 - Set database path to: C:\Users\GaneshChintalapaty\.stmcufinder\plugins\mcufinder//mcu/
2026-01-02 12:31:55,750 [WARN] DbFile:41 - Overriding database path with different value: C:\Users\GaneshChintalapaty\.stmcufinder\plugins\mcufinder/ => C:\Users\GaneshChintalapaty\.stmcufinder\plugins\mcufinder
2026-01-02 12:31:55,750 [INFO] DbMcusAds:125 - Set database path to: C:\Users\GaneshChintalapaty\.stmcufinder\plugins\mcufinder//mcu/
2026-01-02 12:31:55,750 [WARN] DbFile:41 - Overriding database path with different value: C:\Users\GaneshChintalapaty\.stmcufinder\plugins\mcufinder/ => C:\Users\GaneshChintalapaty\.stmcufinder\plugins\mcufinder
2026-01-02 12:31:55,750 [WARN] DbFile:41 - Overriding database path with different value: C:\Users\GaneshChintalapaty\.stmcufinder\plugins\mcufinder/ => C:\Users\GaneshChintalapaty\.stmcufinder\plugins\mcufinder
2026-01-02 12:31:55,750 [INFO] CrossReferenceDbSqlite:203 - Set database path to: C:\Users\GaneshChintalapaty\.stmcufinder\plugins\mcufinder//mcu/cs/
2026-01-02 12:31:55,768 [INFO] ApplicationProperties:184 - Using Application install path: C:\ST\STM32CubeIDE_1.17.0\STM32CubeIDE\plugins\com.st.stm32cube.common.mx_6.13.0.202411220809
2026-01-02 12:31:55,769 [INFO] PluginManage:196 - Search for loadable plugins [exclusion list=, ]
2026-01-02 12:31:55,770 [INFO] PluginManage:310 - Check plugin analytics
2026-01-02 12:32:00,974 [INFO] AnalyticsPlugin:253 - Accepted Software Licenses: 
2026-01-02 12:32:00,975 [INFO] AnalyticsPlugin:255 - Accepted CMSIS Pack Licenses: 
2026-01-02 12:32:00,976 [INFO] AnalyticsPlugin:257 - Accepted Firmware Licenses: FW.F4.1.28.0
2026-01-02 12:32:00,978 [INFO] PluginManage:359 - Loaded plugin analytics (category:tool,tabindex:-1)
2026-01-02 12:32:00,979 [INFO] PluginManage:310 - Check plugin cadmodel
2026-01-02 12:32:00,986 [INFO] CADModel:105 - Init CAD model plugin
2026-01-02 12:32:00,986 [INFO] PluginManage:359 - Loaded plugin cadmodel (category:power,tabindex:5)
2026-01-02 12:32:00,986 [INFO] PluginManage:310 - Check plugin clock
2026-01-02 12:32:00,999 [INFO] PluginManage:359 - Loaded plugin clock (category:base,tabindex:2)
2026-01-02 12:32:00,999 [INFO] PluginManage:310 - Check plugin ddr
2026-01-02 12:32:01,002 [INFO] PluginManage:359 - Loaded plugin ddr (category:tool,tabindex:6)
2026-01-02 12:32:01,003 [INFO] PluginManage:310 - Check plugin filemanager
2026-01-02 12:32:01,184 [INFO] PluginManage:359 - Loaded plugin filemanager (category:base,tabindex:10)
2026-01-02 12:32:01,184 [INFO] PluginManage:310 - Check plugin ipmanager
2026-01-02 12:32:01,192 [INFO] PluginManage:359 - Loaded plugin ipmanager (category:base,tabindex:5)
2026-01-02 12:32:01,192 [INFO] PluginManage:310 - Check plugin lpbam
2026-01-02 12:32:01,213 [INFO] PluginManage:359 - Loaded plugin lpbam (category:base,tabindex:0)
2026-01-02 12:32:01,213 [INFO] PluginManage:310 - Check plugin memorymap
2026-01-02 12:32:01,228 [INFO] PluginManage:359 - Loaded plugin memorymap (category:base,tabindex:4)
2026-01-02 12:32:01,228 [INFO] PluginManage:310 - Check plugin pinoutandconfiguration
2026-01-02 12:32:01,238 [INFO] PluginManage:359 - Loaded plugin pinoutandconfiguration (category:base,tabindex:1)
2026-01-02 12:32:01,238 [INFO] PluginManage:310 - Check plugin pinoutconfig
2026-01-02 12:32:01,317 [WARN] SupportedApi:132 - Cannot load RTOS API schema: s4s-elt-must-match.1: The content of 'definitions' must match (annotation?, (simpleType | complexType)?, (unique | key | keyref)*)). A problem was found starting at: attribute.
2026-01-02 12:32:01,459 [INFO] PluginManage:359 - Loaded plugin pinoutconfig (category:base,tabindex:0)
2026-01-02 12:32:01,459 [INFO] PluginManage:310 - Check plugin power
2026-01-02 12:32:01,471 [INFO] PluginManage:359 - Loaded plugin power (category:power,tabindex:4)
2026-01-02 12:32:01,471 [INFO] PluginManage:310 - Check plugin projectmanager
2026-01-02 12:32:01,486 [INFO] PluginManage:359 - Loaded plugin projectmanager (category:projectmanager,tabindex:4)
2026-01-02 12:32:01,486 [INFO] PluginManage:310 - Check plugin rif
2026-01-02 12:32:01,495 [INFO] PluginManage:359 - Loaded plugin rif (category:base,tabindex:3)
2026-01-02 12:32:01,495 [INFO] PluginManage:310 - Check plugin thirdparty
2026-01-02 12:32:01,645 [INFO] PluginManage:359 - Loaded plugin thirdparty (category:base,tabindex:-1)
2026-01-02 12:32:01,645 [WARN] IntegrityCheckThread:84 - waiting for thirdparty lock release [integrity check]
2026-01-02 12:32:01,645 [INFO] IntegrityCheckThread:86 - entering critical section [integrity check]
2026-01-02 12:32:01,645 [INFO] PluginManage:310 - Check plugin tools
2026-01-02 12:32:01,646 [INFO] ThirdPartyUpdaterWithRetryManager:70 - Updater plugin not ready yet. [1/15]
2026-01-02 12:32:01,651 [INFO] PluginManage:359 - Loaded plugin tools (category:base,tabindex:7)
2026-01-02 12:32:01,651 [INFO] PluginManage:310 - Check plugin tutovideos
2026-01-02 12:32:01,843 [INFO] PluginManage:359 - Loaded plugin tutovideos (category:base,tabindex:-1)
2026-01-02 12:32:01,843 [INFO] PluginManage:310 - Check plugin updater
2026-01-02 12:32:01,869 [INFO] PluginManage:359 - Loaded plugin updater (category:base,tabindex:12)
2026-01-02 12:32:01,869 [INFO] PluginManage:310 - Check plugin userauth
2026-01-02 12:32:01,874 [INFO] UserAuth:118 - Init User Auth plugin
2026-01-02 12:32:01,875 [INFO] PluginManage:359 - Loaded plugin userauth (category:base,tabindex:14)
2026-01-02 12:32:01,876 [INFO] PluginManage:283 - PluginManage : Loaded plugins [18]
2026-01-02 12:32:02,090 [INFO] PinOutPanel:1589 - setPackage(No Configuration,No Configuration)
2026-01-02 12:32:02,187 [INFO] CADModel:165 - CPN selected for project level
2026-01-02 12:32:02,187 [INFO] CADModel:114 - Register for checkConnection events
2026-01-02 12:32:02,208 [INFO] IPUIPlugin:80 - create IPUIPlugin
2026-01-02 12:32:02,209 [INFO] PluginManager:220 - loadIPPluginJar : add adc
2026-01-02 12:32:02,211 [INFO] IPUIPlugin:80 - create IPUIPlugin
2026-01-02 12:32:02,213 [INFO] PluginManager:220 - loadIPPluginJar : add aes
2026-01-02 12:32:02,216 [INFO] IPUIPlugin:80 - create IPUIPlugin
2026-01-02 12:32:02,216 [INFO] PluginManager:220 - loadIPPluginJar : add can
2026-01-02 12:32:02,218 [INFO] IPUIPlugin:80 - create IPUIPlugin
2026-01-02 12:32:02,218 [INFO] PluginManager:220 - loadIPPluginJar : add comp
2026-01-02 12:32:02,223 [INFO] IPUIPlugin:80 - create IPUIPlugin
2026-01-02 12:32:02,223 [INFO] PluginManager:220 - loadIPPluginJar : add cryp
2026-01-02 12:32:02,227 [INFO] IPUIPlugin:80 - create IPUIPlugin
2026-01-02 12:32:02,227 [INFO] PluginManager:220 - loadIPPluginJar : add ddr_ctrl_phy
2026-01-02 12:32:02,232 [INFO] IPUIPlugin:80 - create IPUIPlugin
2026-01-02 12:32:02,232 [INFO] PluginManager:220 - loadIPPluginJar : add dfsdm
2026-01-02 12:32:02,237 [INFO] IPUIPlugin:80 - create IPUIPlugin
2026-01-02 12:32:02,237 [INFO] PluginManager:220 - loadIPPluginJar : add dma
2026-01-02 12:32:02,242 [INFO] IPUIPlugin:80 - create IPUIPlugin
2026-01-02 12:32:02,242 [INFO] PluginManager:220 - loadIPPluginJar : add dma3
2026-01-02 12:32:02,245 [INFO] IPUIPlugin:80 - create IPUIPlugin
2026-01-02 12:32:02,245 [INFO] PluginManager:220 - loadIPPluginJar : add extmemmanager
2026-01-02 12:32:02,247 [INFO] IPUIPlugin:80 - create IPUIPlugin
2026-01-02 12:32:02,247 [INFO] PluginManager:220 - loadIPPluginJar : add fatfs
2026-01-02 12:32:02,252 [INFO] IPUIPlugin:80 - create IPUIPlugin
2026-01-02 12:32:02,252 [INFO] PluginManager:220 - loadIPPluginJar : add fmc
2026-01-02 12:32:02,257 [INFO] IPUIPlugin:80 - create IPUIPlugin
2026-01-02 12:32:02,257 [INFO] PluginManager:220 - loadIPPluginJar : add freertos
2026-01-02 12:32:02,260 [INFO] IPUIPlugin:80 - create IPUIPlugin
2026-01-02 12:32:02,260 [INFO] PluginManager:220 - loadIPPluginJar : add genericplugin
2026-01-02 12:32:02,263 [INFO] IPUIPlugin:80 - create IPUIPlugin
2026-01-02 12:32:02,263 [INFO] PluginManager:220 - loadIPPluginJar : add gfxmmu
2026-01-02 12:32:02,269 [INFO] IPUIPlugin:80 - create IPUIPlugin
2026-01-02 12:32:02,269 [INFO] PluginManager:220 - loadIPPluginJar : add gic
2026-01-02 12:32:02,272 [INFO] IPUIPlugin:80 - create IPUIPlugin
2026-01-02 12:32:02,272 [INFO] PluginManager:220 - loadIPPluginJar : add gpio
2026-01-02 12:32:02,275 [INFO] IPUIPlugin:80 - create IPUIPlugin
2026-01-02 12:32:02,275 [INFO] PluginManager:220 - loadIPPluginJar : add gtzc
2026-01-02 12:32:02,278 [INFO] IPUIPlugin:80 - create IPUIPlugin
2026-01-02 12:32:02,278 [INFO] PluginManager:220 - loadIPPluginJar : add hash
2026-01-02 12:32:02,282 [INFO] IPUIPlugin:80 - create IPUIPlugin
2026-01-02 12:32:02,282 [INFO] PluginManager:220 - loadIPPluginJar : add i2c
2026-01-02 12:32:02,285 [INFO] IPUIPlugin:80 - create IPUIPlugin
2026-01-02 12:32:02,285 [INFO] PluginManager:220 - loadIPPluginJar : add i2s
2026-01-02 12:32:02,288 [INFO] IPUIPlugin:80 - create IPUIPlugin
2026-01-02 12:32:02,288 [INFO] PluginManager:220 - loadIPPluginJar : add i3c
2026-01-02 12:32:02,293 [INFO] IPUIPlugin:80 - create IPUIPlugin
2026-01-02 12:32:02,293 [INFO] PluginManager:220 - loadIPPluginJar : add ipddr
2026-01-02 12:32:02,300 [INFO] IPUIPlugin:80 - create IPUIPlugin
2026-01-02 12:32:02,300 [INFO] PluginManager:220 - loadIPPluginJar : add linkedlist
2026-01-02 12:32:02,303 [INFO] IPUIPlugin:80 - create IPUIPlugin
2026-01-02 12:32:02,303 [INFO] PluginManager:220 - loadIPPluginJar : add lorawan
2026-01-02 12:32:02,305 [INFO] IPUIPlugin:80 - create IPUIPlugin
2026-01-02 12:32:02,305 [INFO] PluginManager:220 - loadIPPluginJar : add ltdc
2026-01-02 12:32:02,312 [INFO] IPUIPlugin:80 - create IPUIPlugin
2026-01-02 12:32:02,312 [INFO] PluginManager:220 - loadIPPluginJar : add mdma
2026-01-02 12:32:02,316 [INFO] IPUIPlugin:80 - create IPUIPlugin
2026-01-02 12:32:02,317 [INFO] PluginManager:220 - loadIPPluginJar : add nvic
2026-01-02 12:32:02,320 [INFO] IPUIPlugin:80 - create IPUIPlugin
2026-01-02 12:32:02,320 [INFO] PluginManager:220 - loadIPPluginJar : add opamp
2026-01-02 12:32:02,325 [INFO] IPUIPlugin:80 - create IPUIPlugin
2026-01-02 12:32:02,325 [INFO] PluginManager:220 - loadIPPluginJar : add openamp
2026-01-02 12:32:02,329 [INFO] IPUIPlugin:80 - create IPUIPlugin
2026-01-02 12:32:02,329 [INFO] PluginManager:220 - loadIPPluginJar : add pdm2pcm
2026-01-02 12:32:02,336 [INFO] IPUIPlugin:80 - create IPUIPlugin
2026-01-02 12:32:02,340 [INFO] PluginManager:220 - loadIPPluginJar : add plateformsettings
2026-01-02 12:32:02,342 [INFO] IPUIPlugin:80 - create IPUIPlugin
2026-01-02 12:32:02,342 [INFO] PluginManager:220 - loadIPPluginJar : add quadspi
2026-01-02 12:32:02,344 [INFO] IPUIPlugin:80 - create IPUIPlugin
2026-01-02 12:32:02,345 [INFO] PluginManager:220 - loadIPPluginJar : add radio
2026-01-02 12:32:02,349 [INFO] IPUIPlugin:80 - create IPUIPlugin
2026-01-02 12:32:02,350 [INFO] PluginManager:220 - loadIPPluginJar : add resmgrutility
2026-01-02 12:32:02,354 [INFO] IPUIPlugin:80 - create IPUIPlugin
2026-01-02 12:32:02,354 [INFO] PluginManager:220 - loadIPPluginJar : add sai
2026-01-02 12:32:02,356 [INFO] IPUIPlugin:80 - create IPUIPlugin
2026-01-02 12:32:02,357 [INFO] PluginManager:220 - loadIPPluginJar : add spi
2026-01-02 12:32:02,361 [INFO] IPUIPlugin:80 - create IPUIPlugin
2026-01-02 12:32:02,362 [INFO] PluginManager:220 - loadIPPluginJar : add stm32_wpan
2026-01-02 12:32:02,364 [INFO] IPUIPlugin:80 - create IPUIPlugin
2026-01-02 12:32:02,364 [INFO] PluginManager:220 - loadIPPluginJar : add tim
2026-01-02 12:32:02,367 [INFO] IPUIPlugin:80 - create IPUIPlugin
2026-01-02 12:32:02,367 [INFO] PluginManager:220 - loadIPPluginJar : add touchsensing
2026-01-02 12:32:02,371 [INFO] IPUIPlugin:80 - create IPUIPlugin
2026-01-02 12:32:02,371 [INFO] PluginManager:220 - loadIPPluginJar : add tracer_emb
2026-01-02 12:32:02,373 [INFO] IPUIPlugin:80 - create IPUIPlugin
2026-01-02 12:32:02,373 [INFO] PluginManager:220 - loadIPPluginJar : add ts
2026-01-02 12:32:02,375 [INFO] IPUIPlugin:80 - create IPUIPlugin
2026-01-02 12:32:02,375 [INFO] PluginManager:220 - loadIPPluginJar : add tsc
2026-01-02 12:32:02,377 [INFO] IPUIPlugin:80 - create IPUIPlugin
2026-01-02 12:32:02,377 [INFO] PluginManager:220 - loadIPPluginJar : add ucpd
2026-01-02 12:32:02,382 [INFO] IPUIPlugin:80 - create IPUIPlugin
2026-01-02 12:32:02,382 [INFO] PluginManager:220 - loadIPPluginJar : add usart
2026-01-02 12:32:02,386 [INFO] IPUIPlugin:80 - create IPUIPlugin
2026-01-02 12:32:02,386 [INFO] PluginManager:220 - loadIPPluginJar : add usbx
2026-01-02 12:32:02,516 [FATAL] Updater:351 - Updater called before beeing initialized
2026-01-02 12:32:02,566 [INFO] RulesReader:64 - Compatibility file has been processed (297 Rules)
2026-01-02 12:32:02,591 [INFO] RulesReader:64 - Compatibility file has been processed (297 Rules)
2026-01-02 12:32:02,602 [INFO] CADModel:165 - CPN selected for project level
2026-01-02 12:32:02,602 [INFO] CADModel:114 - Register for checkConnection events
2026-01-02 12:32:02,602 [FATAL] Updater:351 - Updater called before beeing initialized
2026-01-02 12:32:02,602 [ERROR] CADModel:125 - Updater not yet initialized, retry later 
2026-01-02 12:32:02,726 [FATAL] Updater:351 - Updater called before beeing initialized
2026-01-02 12:32:02,727 [INFO] CADModel:165 - CPN selected for project level
2026-01-02 12:32:02,728 [INFO] CADModel:114 - Register for checkConnection events
2026-01-02 12:32:02,728 [FATAL] Updater:351 - Updater called before beeing initialized
2026-01-02 12:32:02,728 [ERROR] CADModel:125 - Updater not yet initialized, retry later 
2026-01-02 12:32:02,732 [FATAL] Updater:351 - Updater called before beeing initialized
2026-01-02 12:32:02,850 [FATAL] Updater:351 - Updater called before beeing initialized
2026-01-02 12:32:02,856 [INFO] DbMcusAds:53 - JSON generation date=Tue Dec 17 10:01:15 CST 2024 (1734451275111)
2026-01-02 12:32:02,857 [FATAL] Updater:351 - Updater called before beeing initialized
2026-01-02 12:32:02,934 [WARN] DetailPanel:346 - Failed to get advertising image, set to default
2026-01-02 12:32:03,167 [FATAL] Updater:351 - Updater called before beeing initialized
2026-01-02 12:32:03,169 [FATAL] Updater:351 - Updater called before beeing initialized
2026-01-02 12:32:03,169 [FATAL] Updater:351 - Updater called before beeing initialized
2026-01-02 12:32:03,169 [WARN] DetailPanel:346 - Failed to get advertising image, set to default
2026-01-02 12:32:03,170 [FATAL] Updater:351 - Updater called before beeing initialized
2026-01-02 12:32:03,208 [ERROR] Updater:1198 - MainUpdater not yet initialized. External WinMGr cannot be set.
2026-01-02 12:32:03,209 [INFO] Updater:1134 - Updater Version found : 6.13.0
2026-01-02 12:32:03,224 [INFO] ApplicationProperties:184 - Using Application install path: C:\ST\STM32CubeIDE_1.17.0\STM32CubeIDE\plugins\com.st.stm32cube.common.mx_6.13.0.202411220809
2026-01-02 12:32:04,649 [INFO] ThirdPartyUpdaterWithRetryManager:70 - Updater plugin not ready yet. [2/15]
2026-01-02 12:32:04,832 [ERROR] LogOutputStream:75 - [STDERR_REDIRECT] Jan 02, 2026 12:32:04 PM java.util.prefs.WindowsPreferences <init>
2026-01-02 12:32:04,837 [ERROR] LogOutputStream:75 - [STDERR_REDIRECT] WARNING: Could not open/create prefs root node Software\JavaSoft\Prefs at root 0xffffffff80000002. Windows RegCreateKeyEx(...) returned error code 5.
2026-01-02 12:32:04,838 [ERROR] LogOutputStream:75 - [STDERR_REDIRECT] 
2026-01-02 12:32:05,113 [INFO] MainUpdater:2872 - connection check result : 10
2026-01-02 12:32:05,113 [INFO] MainUpdater:3566 - Updater definition file requires update
2026-01-02 12:32:05,114 [INFO] MainUpdater:289 - Updater Check For Update Now.
2026-01-02 12:32:05,114 [INFO] MicroXplorer:498 - Change Database Version : DB.6.0.130
2026-01-02 12:32:05,121 [INFO] McuFinderGlobals:63 - Set McuFinder mode to 2 (CubeIDE integrated)
2026-01-02 12:32:05,122 [INFO] UserAuth:486 - Internet connection configuration mode: 1
2026-01-02 12:32:05,138 [INFO] JxBrowserEngine:152 - Initiate JxBrowser Engine with user profile folder
2026-01-02 12:32:05,155 [INFO] ServerAccessManage:473 - Download File updaters.zip
2026-01-02 12:32:05,222 [INFO] FileExtend:240 - Unzip File : updaters.zip
2026-01-02 12:32:05,224 [INFO] FileExtend:255 - Standard Zip Deflate
2026-01-02 12:32:05,544 [INFO] ServerAccessManage:473 - Download File PacksControlFlags.xml
2026-01-02 12:32:05,598 [INFO] ServerAccessManage:473 - Download File cubemx.pidx
2026-01-02 12:32:06,254 [INFO] ServerAccessManage:473 - Download File STMicroelectronics.FP-SNS-STBOX1.pdsc
2026-01-02 12:32:07,377 [INFO] ServerAccessManage:473 - Download File STMicroelectronics.FP-SNS-MOTENV1.pdsc
2026-01-02 12:32:07,651 [WARN] MainUpdater:1193 - Updater busy. Cannot search thirdparties
2026-01-02 12:32:07,651 [INFO] ThirdPartyUpdaterWithRetryManager:96 - Updater plugin is busy. [1/15]
2026-01-02 12:32:08,685 [INFO] ServerAccessManage:473 - Download File STMicroelectronics.X-CUBE-AI.pdsc
2026-01-02 12:32:09,793 [INFO] WebApp:168 - Instantiating new browser for Auth
2026-01-02 12:32:10,645 [INFO] WebApp:449 - Apply proxy settings
2026-01-02 12:32:10,646 [INFO] WebApp:534 - Chromium requires no authentication
2026-01-02 12:32:10,652 [WARN] MainUpdater:1193 - Updater busy. Cannot search thirdparties
2026-01-02 12:32:10,652 [INFO] ThirdPartyUpdaterWithRetryManager:96 - Updater plugin is busy. [2/15]
2026-01-02 12:32:10,663 [INFO] WebApp:477 - Direct internet connection detected
2026-01-02 12:32:10,694 [INFO] WebApp:880 - Register for checkConnection events
2026-01-02 12:32:10,694 [INFO] WebApp:449 - Apply proxy settings
2026-01-02 12:32:10,694 [INFO] WebApp:534 - Chromium requires no authentication
2026-01-02 12:32:10,695 [INFO] WebApp:477 - Direct internet connection detected
2026-01-02 12:32:10,842 [INFO] WebApp:187 - Connection restablished
2026-01-02 12:32:10,897 [INFO] WebApp:221 - Starting web application
2026-01-02 12:32:10,897 [INFO] WebApp:579 - Web application path used C:\ST\STM32CubeIDE_1.17.0\STM32CubeIDE\plugins\com.st.stm32cube.common.mx_6.13.0.202411220809\db\plugins\mcufinder\reactClient1\index.html
2026-01-02 12:32:10,980 [INFO] UserAuth:486 - Internet connection configuration mode: 1
2026-01-02 12:32:12,142 [INFO] McuFinderGlobals:63 - Set McuFinder mode to 2 (CubeIDE integrated)
2026-01-02 12:32:13,653 [WARN] MainUpdater:1193 - Updater busy. Cannot search thirdparties
2026-01-02 12:32:13,653 [INFO] ThirdPartyUpdaterWithRetryManager:96 - Updater plugin is busy. [3/15]
2026-01-02 12:32:16,655 [WARN] MainUpdater:1193 - Updater busy. Cannot search thirdparties
2026-01-02 12:32:16,655 [INFO] ThirdPartyUpdaterWithRetryManager:96 - Updater plugin is busy. [4/15]
2026-01-02 12:32:17,746 [INFO] ServerAccessManage:473 - Download File STMicroelectronics.X-CUBE-FREERTOS.pdsc
2026-01-02 12:32:18,126 [INFO] ServerAccessManage:473 - Download File STMicroelectronics.X-CUBE-GNSS1.pdsc
2026-01-02 12:32:18,960 [ERROR] ServerAccessManage:1089 - Problem, file not found on Server
2026-01-02 12:32:19,397 [ERROR] ServerAccessManage:1089 - Problem, file not found on Server
2026-01-02 12:32:19,656 [WARN] MainUpdater:1193 - Updater busy. Cannot search thirdparties
2026-01-02 12:32:19,656 [INFO] ThirdPartyUpdaterWithRetryManager:96 - Updater plugin is busy. [5/15]
2026-01-02 12:32:19,761 [ERROR] ServerAccessManage:1089 - Problem, file not found on Server
2026-01-02 12:32:20,166 [ERROR] ServerAccessManage:1089 - Problem, file not found on Server
2026-01-02 12:32:20,577 [ERROR] ServerAccessManage:1089 - Problem, file not found on Server
2026-01-02 12:32:20,932 [ERROR] ServerAccessManage:1089 - Problem, file not found on Server
2026-01-02 12:32:21,548 [INFO] ServerAccessManage:473 - Download File STMicroelectronics.X-CUBE-IPS.pdsc
2026-01-02 12:32:22,658 [WARN] MainUpdater:1193 - Updater busy. Cannot search thirdparties
2026-01-02 12:32:22,658 [INFO] ThirdPartyUpdaterWithRetryManager:96 - Updater plugin is busy. [6/15]
2026-01-02 12:32:23,110 [INFO] ServerAccessManage:473 - Download File STMicroelectronics.X-CUBE-MEMS1.pdsc
2026-01-02 12:32:25,208 [INFO] ServerAccessManage:473 - Download File STMicroelectronics.X-CUBE-ST60.pdsc
2026-01-02 12:32:25,660 [WARN] MainUpdater:1193 - Updater busy. Cannot search thirdparties
2026-01-02 12:32:25,660 [INFO] ThirdPartyUpdaterWithRetryManager:96 - Updater plugin is busy. [7/15]
2026-01-02 12:32:25,871 [INFO] ServerAccessManage:473 - Download File STMicroelectronics.X-CUBE-ST67W61.pdsc
2026-01-02 12:32:26,864 [INFO] ServerAccessManage:473 - Download File STMicroelectronics.X-CUBE-STSE01.pdsc
2026-01-02 12:32:28,077 [INFO] ServerAccessManage:473 - Download File STMicroelectronics.X-CUBE-TOUCHGFX.pdsc
2026-01-02 12:32:28,661 [WARN] MainUpdater:1193 - Updater busy. Cannot search thirdparties
2026-01-02 12:32:28,661 [INFO] ThirdPartyUpdaterWithRetryManager:96 - Updater plugin is busy. [8/15]
2026-01-02 12:32:31,663 [WARN] MainUpdater:1193 - Updater busy. Cannot search thirdparties
2026-01-02 12:32:31,663 [INFO] ThirdPartyUpdaterWithRetryManager:96 - Updater plugin is busy. [9/15]
2026-01-02 12:32:32,200 [INFO] MainUpdater:2872 - connection check result : 10
2026-01-02 12:32:34,664 [WARN] MainUpdater:1193 - Updater busy. Cannot search thirdparties
2026-01-02 12:32:34,664 [INFO] ThirdPartyUpdaterWithRetryManager:96 - Updater plugin is busy. [10/15]
2026-01-02 12:32:37,665 [WARN] MainUpdater:1193 - Updater busy. Cannot search thirdparties
2026-01-02 12:32:37,665 [INFO] ThirdPartyUpdaterWithRetryManager:96 - Updater plugin is busy. [11/15]
2026-01-02 12:32:38,312 [INFO] ServerAccessManage:473 - Download File STMicroelectronics.X-CUBE-AZRTOS-H7RS.pdsc
2026-01-02 12:32:39,243 [INFO] ServerAccessManage:473 - Download File Avnet-IOTCONNECT.X-CUBE-iotc-st67-sdk.pdsc
2026-01-02 12:32:39,326 [WARN] PopulateThirdPartyThread:106 - Error when creating pack: C:/Users/GaneshChintalapaty/.stm32cubemx/thirdparties/pdsc/STMicroelectronics.FP-SNS-STBOX1.pdsc
2026-01-02 12:32:39,328 [WARN] PopulateThirdPartyThread:106 - Error when creating pack: C:/Users/GaneshChintalapaty/.stm32cubemx/thirdparties/pdsc/STMicroelectronics.FP-SNS-MOTENV1.pdsc
2026-01-02 12:32:39,358 [WARN] PackLoader:240 - Cannot read IP mode file for STMicroelectronics.X-CUBE-AI.10.2.0
2026-01-02 12:32:39,362 [WARN] PopulateThirdPartyThread:106 - Error when creating pack: C:/Users/GaneshChintalapaty/.stm32cubemx/thirdparties/pdsc/STMicroelectronics.X-CUBE-FREERTOS.pdsc
2026-01-02 12:32:39,372 [WARN] PackLoader:240 - Cannot read IP mode file for STMicroelectronics.X-CUBE-GNSS1.7.1.0
2026-01-02 12:32:39,379 [WARN] PopulateThirdPartyThread:106 - Error when creating pack: C:/Users/GaneshChintalapaty/.stm32cubemx/thirdparties/pdsc/STMicroelectronics.X-CUBE-IPS.pdsc
2026-01-02 12:32:39,439 [WARN] PackLoader:240 - Cannot read IP mode file for STMicroelectronics.X-CUBE-MEMS1.12.0.0
2026-01-02 12:32:39,475 [INFO] CheckServerUpdateThread:120 - End of CheckServer Thread
2026-01-02 12:32:39,534 [WARN] PackLoader:240 - Cannot read IP mode file for STMicroelectronics.X-CUBE-ST60.1.1.0
2026-01-02 12:32:39,536 [WARN] PopulateThirdPartyThread:106 - Error when creating pack: C:/Users/GaneshChintalapaty/.stm32cubemx/thirdparties/pdsc/STMicroelectronics.X-CUBE-ST67W61.pdsc
2026-01-02 12:32:39,542 [WARN] PackLoader:240 - Cannot read IP mode file for STMicroelectronics.X-CUBE-STSE01.1.0.0
2026-01-02 12:32:39,546 [WARN] PackLoader:240 - Cannot read IP mode file for STMicroelectronics.X-CUBE-TOUCHGFX.4.26.0
2026-01-02 12:32:39,561 [WARN] PackLoader:240 - Cannot read IP mode file for STMicroelectronics.X-CUBE-AZRTOS-H7RS.1.2.0
2026-01-02 12:32:39,572 [INFO] PopulateThirdPartyThread:66 - Ending populate Thread
2026-01-02 12:32:39,573 [INFO] ThirdParty:1030 - CMSIS Pack Vendor :STMicroelectronics X-CUBE-ST60 1.1.0
2026-01-02 12:32:39,574 [INFO] ThirdParty:1030 - CMSIS Pack Vendor :STMicroelectronics X-CUBE-AI 10.2.0
2026-01-02 12:32:39,574 [INFO] ThirdParty:1030 - CMSIS Pack Vendor :STMicroelectronics X-CUBE-MEMS1 12.0.0
2026-01-02 12:32:39,574 [INFO] ThirdParty:1030 - CMSIS Pack Vendor :STMicroelectronics X-CUBE-GNSS1 7.1.0
2026-01-02 12:32:39,574 [INFO] ThirdParty:1030 - CMSIS Pack Vendor :Avnet-IOTCONNECT X-CUBE-iotc-st67-sdk 1.0.0
2026-01-02 12:32:39,574 [INFO] ThirdParty:1030 - CMSIS Pack Vendor :STMicroelectronics X-CUBE-TOUCHGFX 4.26.0
2026-01-02 12:32:39,574 [INFO] ThirdParty:1030 - CMSIS Pack Vendor :STMicroelectronics X-CUBE-STSE01 1.0.0
2026-01-02 12:32:39,574 [INFO] ThirdParty:1030 - CMSIS Pack Vendor :STMicroelectronics X-CUBE-AZRTOS-H7RS 1.2.0
2026-01-02 12:32:39,574 [INFO] LoadServerUpdatesThread:375 - End of LoadServerUpdate Thread
2026-01-02 12:32:39,639 [INFO] McuFinderGlobals:76 - Set McuFinderConnectedMode to true
2026-01-02 12:32:39,967 [INFO] ServerAccessManage:473 - Download File mcusAds.json._tmp_
2026-01-02 12:32:40,072 [INFO] LoadUrlFilesThread:156 - End of LoadUrlFiles Thread
2026-01-02 12:32:40,611 [INFO] ServerAccessManage:473 - Download File cube-finder-db.zip
2026-01-02 12:32:40,668 [WARN] MainUpdater:1193 - Updater busy. Cannot search thirdparties
2026-01-02 12:32:40,668 [INFO] ThirdPartyUpdaterWithRetryManager:96 - Updater plugin is busy. [12/15]
2026-01-02 12:32:42,129 [INFO] FileExtend:240 - Unzip File : cube-finder-db.zip
2026-01-02 12:32:42,129 [INFO] FileExtend:255 - Standard Zip Deflate
2026-01-02 12:32:42,805 [INFO] LoadUrlFilesThread:156 - End of LoadUrlFiles Thread
2026-01-02 12:32:43,525 [INFO] ServerAccessManage:473 - Download File crdb.zip
2026-01-02 12:32:43,670 [WARN] MainUpdater:1193 - Updater busy. Cannot search thirdparties
2026-01-02 12:32:43,670 [INFO] ThirdPartyUpdaterWithRetryManager:96 - Updater plugin is busy. [13/15]
2026-01-02 12:32:44,197 [INFO] FileExtend:240 - Unzip File : crdb.zip
2026-01-02 12:32:44,198 [INFO] FileExtend:255 - Standard Zip Deflate
2026-01-02 12:32:44,367 [INFO] LoadUrlFilesThread:156 - End of LoadUrlFiles Thread
2026-01-02 12:32:44,987 [INFO] ServerAccessManage:473 - Download File tutoVideoDB.zip
2026-01-02 12:32:45,002 [INFO] FileExtend:240 - Unzip File : tutoVideoDB.zip
2026-01-02 12:32:45,003 [INFO] FileExtend:255 - Standard Zip Deflate
2026-01-02 12:32:45,125 [INFO] LoadUrlFilesThread:156 - End of LoadUrlFiles Thread
2026-01-02 12:32:45,130 [WARN] DbFile:41 - Overriding database path with different value: C:\Users\GaneshChintalapaty\.stmcufinder\plugins\mcufinder/ => C:\Users\GaneshChintalapaty\.stmcufinder\plugins\mcufinder
2026-01-02 12:32:45,657 [INFO] ServerAccessManage:473 - Download File api_config.json
2026-01-02 12:32:45,770 [INFO] LoadUrlFilesThread:156 - End of LoadUrlFiles Thread
2026-01-02 12:32:45,772 [INFO] DbMcusAds:53 - JSON generation date=Mon Dec 15 17:11:46 CST 2025 (1765840306612)
2026-01-02 12:32:45,909 [INFO] ServerAccessManage:473 - Download File 
2026-01-02 12:32:45,939 [INFO] LoadUrlFilesThread:185 - End of LoadServerUrlFiles without Thread
2026-01-02 12:32:45,939 [INFO] TargetSelectorAdapter:259 - Refresh data is successful
2026-01-02 12:32:46,775 [INFO] ApiDb:581 - Connected to CubeFinder SQLite database (C:\Users\GaneshChintalapaty\.stmcufinder\plugins\mcufinder\mcu\cube-finder-db.db)
2026-01-02 12:32:46,865 [INFO] ApiDb:668 - CubeFinder database Data Model version=2.1
2026-01-02 12:32:46,865 [INFO] ApiDb:669 - CubeFinder database Configuration version=3.0.39
2026-01-02 12:32:46,866 [INFO] ApiDb:670 - CubeFinder database generation date=2025-12-22 (1766407740)
2026-01-02 12:32:46,866 [INFO] ApiDb:671 - CubeFinder database FW Pack versions=[FP-ATR-ASTRA1_V2.0.0, FP-SNS-FLIGHT1_V5.1.0, FP-SNS-MOTENV1_V5.1.0, FP-SNS-MOTENVWB1_V1.4.0, FP-SNS-SMARTAG2_V1.2.0, FP-SNS-STBOX1_V2.1.0, STM32Cube_FW_C0_V1.4.0, STM32Cube_FW_F4_V1.28.3, STM32Cube_FW_F7_V1.17.4, STM32Cube_FW_G0_V1.6.2, STM32Cube_FW_G4_V1.6.1, STM32Cube_FW_H5_V1.5.1, STM32Cube_FW_H7RS_V1.3.0, STM32Cube_FW_H7_V1.12.1, STM32Cube_FW_L0_V1.12.2, STM32Cube_FW_L4_V1.18.1, STM32Cube_FW_L5_V1.6.0, STM32Cube_FW_N6_V1.3.0, STM32Cube_FW_U0_V1.3.0, STM32Cube_FW_U3_V1.2.1, STM32Cube_FW_U5_V1.8.0, STM32Cube_FW_WB0_V1.4.0, STM32Cube_FW_WBA_V1.8.0, STM32Cube_FW_WB_V1.24.0, STM32Cube_FW_WL3_V1.3.0, STM32Cube_FW_WL_V1.4.0, X-CUBE-ALGOBUILD_V1.4.0, X-CUBE-ALS_V1.0.2, X-CUBE-AZRTOS-F4_V1.1.0, X-CUBE-AZRTOS-F7_V1.1.0, X-CUBE-AZRTOS-G0_V1.1.0, X-CUBE-AZRTOS-G4_V2.0.0, X-CUBE-AZRTOS-H7RS_V1.1.0, X-CUBE-AZRTOS-H7_V3.4.0, X-CUBE-AZRTOS-L4_V2.0.0, X-CUBE-AZRTOS-L5_V2.0.0, X-CUBE-AZRTOS-WB_V2.0.0, X-CUBE-AZRTOS-WL_V2.0.0, X-CUBE-BLE1_V7.1.0, X-CUBE-BLE2_V3.3.0, X-CUBE-BLEMGR_V4.1.0, X-CUBE-EEPRMA1_V5.2.0, X-CUBE-FREERTOS_V1.3.1, X-CUBE-GNSS1_V6.0.0, X-CUBE-MEMS1_V12.0.0, X-CUBE-NFC4_V3.0.0, X-CUBE-NFC7_V2.0.0, X-CUBE-SFXS2LP1_V4.0.0, X-CUBE-ST67W61_V1.1.0, X-CUBE-SUBG2_V5.0.0, X-CUBE-TOF1_V3.4.3]
2026-01-02 12:32:46,952 [WARN] PackLoader:240 - Cannot read IP mode file for STMicroelectronics.FP-SNS-MOTENVWB1.1.4.0
2026-01-02 12:32:46,957 [WARN] PackLoader:240 - Cannot read IP mode file for STMicroelectronics.FP-ATR-ASTRA1.2.0.2
2026-01-02 12:32:46,960 [WARN] PackLoader:240 - Cannot read IP mode file for STMicroelectronics.FP-ATR-ASTRA1.2.0.1
2026-01-02 12:32:46,966 [WARN] PackLoader:240 - Cannot read IP mode file for STMicroelectronics.X-CUBE-SMBUS.2.1.0
2026-01-02 12:32:46,973 [WARN] PackLoader:240 - Cannot read IP mode file for STMicroelectronics.X-CUBE-WB05N.1.1.0
2026-01-02 12:32:46,978 [WARN] PackLoader:240 - Cannot read IP mode file for STMicroelectronics.X-CUBE-ST60.1.0.0
2026-01-02 12:32:46,994 [WARN] PackLoader:240 - Cannot read IP mode file for STMicroelectronics.X-CUBE-AZRTOS-F7.1.1.0
2026-01-02 12:32:46,998 [ERROR] Engine:466 - C:\Users\GaneshChintalapaty\.stm32cubemx\thirdparties\pdsc\STMicroelectronics.FP-SNS-MOTENV1.5.1.0.pdsc: PDSC version is not supported
2026-01-02 12:32:47,002 [WARN] PackLoader:240 - Cannot read IP mode file for STMicroelectronics.FP-SNS-FLIGHT1.5.0.2
2026-01-02 12:32:47,020 [WARN] PackLoader:240 - Cannot read IP mode file for Infineon.AIROC-Wi-Fi-Bluetooth-STM32.1.7.0
2026-01-02 12:32:47,040 [WARN] PackLoader:240 - Cannot read IP mode file for STMicroelectronics.X-CUBE-AZRTOS-H7.3.4.0
2026-01-02 12:32:47,049 [WARN] PackLoader:240 - Cannot read IP mode file for STMicroelectronics.X-CUBE-DISPLAY.3.0.0
2026-01-02 12:32:47,056 [WARN] PackLoader:240 - Cannot read IP mode file for STMicroelectronics.X-CUBE-BLE1.7.0.0
2026-01-02 12:32:47,062 [WARN] PackLoader:240 - Cannot read IP mode file for STMicroelectronics.X-CUBE-NFC10.1.0.0
2026-01-02 12:32:47,071 [WARN] PackLoader:240 - Cannot read IP mode file for STMicroelectronics.X-CUBE-BLEMGR.4.0.0
2026-01-02 12:32:47,076 [WARN] PackLoader:240 - Cannot read IP mode file for STMicroelectronics.X-CUBE-ST60.1.1.0
2026-01-02 12:32:47,082 [WARN] PackLoader:240 - Cannot read IP mode file for emotas.I-CUBE-CANOPEN.1.3.0
2026-01-02 12:32:47,087 [WARN] PackLoader:240 - Cannot read IP mode file for STMicroelectronics.X-CUBE-GNSS1.7.1.0
2026-01-02 12:32:47,091 [WARN] PackLoader:240 - Cannot read IP mode file for STMicroelectronics.X-CUBE-AI.10.0.0
2026-01-02 12:32:47,093 [ERROR] Engine:466 - C:\Users\GaneshChintalapaty\.stm32cubemx\thirdparties\pdsc\STMicroelectronics.FP-SNS-STBOX1.2.1.0.pdsc: PDSC version is not supported
2026-01-02 12:32:47,097 [WARN] PackLoader:240 - Cannot read IP mode file for STMicroelectronics.FP-SNS-SMARTAG2.1.2.0
2026-01-02 12:32:47,100 [WARN] PackLoader:240 - Cannot read IP mode file for STMicroelectronics.FP-SNS-FLIGHT1.5.1.0
2026-01-02 12:32:47,136 [WARN] PackLoader:240 - Cannot read IP mode file for STMicroelectronics.X-CUBE-MEMS1.11.1.0
2026-01-02 12:32:47,268 [INFO] LogOutputStream:77 - [STDOUT_REDIRECT] 1 : Invalid condition id : UX_CORESTACK_Condition cause : null
2026-01-02 12:32:47,268 [INFO] LogOutputStream:77 - [STDOUT_REDIRECT] 1 : Invalid condition id : UX_CORESTACK_Condition cause : null
2026-01-02 12:32:47,269 [INFO] LogOutputStream:77 - [STDOUT_REDIRECT] 1 : Invalid condition id : UX_CORESTACK_Condition cause : null
2026-01-02 12:32:47,271 [INFO] LogOutputStream:77 - [STDOUT_REDIRECT] 1 : Invalid condition id : UX_CORESTACK_Condition cause : null
2026-01-02 12:32:47,272 [INFO] LogOutputStream:77 - [STDOUT_REDIRECT] 1 : Invalid condition id : UX_CORESTACK_Condition cause : null
2026-01-02 12:32:47,273 [WARN] PackLoader:240 - Cannot read IP mode file for STMicroelectronics.X-CUBE-AZRTOS-WL.2.0.0
2026-01-02 12:32:47,278 [WARN] PackLoader:240 - Cannot read IP mode file for STMicroelectronics.FP-SNS-MOTENV1.5.0.0
2026-01-02 12:32:47,296 [WARN] PackLoader:240 - Cannot read IP mode file for STMicroelectronics.X-CUBE-AZRTOS-H7RS.1.2.0
2026-01-02 12:32:47,304 [WARN] PackLoader:240 - Cannot read IP mode file for WES.I-CUBE-Cesium.1.3.0
2026-01-02 12:32:47,308 [WARN] PackLoader:240 - Cannot read IP mode file for STMicroelectronics.X-CUBE-BLE2.3.3.0
2026-01-02 12:32:47,321 [WARN] PackLoader:240 - Cannot read IP mode file for STMicroelectronics.X-CUBE-NFC9.1.0.0
2026-01-02 12:32:47,326 [WARN] PackLoader:240 - Cannot read IP mode file for STMicroelectronics.X-CUBE-BLE1.7.1.0
2026-01-02 12:32:47,330 [WARN] PackLoader:240 - Cannot read IP mode file for wolfSSL.I-CUBE-wolfMQTT.1.19.2
2026-01-02 12:32:47,332 [ERROR] Engine:466 - C:\Users\GaneshChintalapaty\.stm32cubemx\thirdparties\pdsc\STMicroelectronics.X-CUBE-FREERTOS.1.4.0.pdsc: PDSC version is not supported
2026-01-02 12:32:47,338 [WARN] PackLoader:240 - Cannot read IP mode file for STMicroelectronics.X-CUBE-EEPRMA1.5.2.0
2026-01-02 12:32:47,342 [ERROR] Engine:466 - C:\Users\GaneshChintalapaty\.stm32cubemx\thirdparties\pdsc\STMicroelectronics.X-CUBE-ST67W61.1.1.0.pdsc: PDSC version is not supported
2026-01-02 12:32:47,344 [WARN] PackLoader:240 - Cannot read IP mode file for STMicroelectronics.X-CUBE-AI.10.1.0
2026-01-02 12:32:47,382 [WARN] PackLoader:240 - Cannot read IP mode file for STMicroelectronics.X-CUBE-MEMS1.12.0.0
2026-01-02 12:32:47,462 [WARN] PackLoader:240 - Cannot read IP mode file for STMicroelectronics.X-CUBE-AZRTOS-G0.1.1.0
2026-01-02 12:32:47,470 [WARN] PackLoader:240 - Cannot read IP mode file for STMicroelectronics.X-CUBE-SAFEA1.1.2.2
2026-01-02 12:32:47,476 [WARN] PackLoader:240 - Cannot read IP mode file for STMicroelectronics.X-CUBE-NFC4.3.0.0
2026-01-02 12:32:47,484 [WARN] PackLoader:240 - Cannot read IP mode file for EmbeddedOffice.I-CUBE-FS-RTOS.1.0.1
2026-01-02 12:32:47,487 [WARN] PackLoader:240 - Cannot read IP mode file for STMicroelectronics.X-CUBE-WB05N.2.0.0
2026-01-02 12:32:47,491 [WARN] PackLoader:240 - Cannot read IP mode file for wolfSSL.I-CUBE-wolfTPM.3.8.0
2026-01-02 12:32:47,496 [WARN] PackLoader:240 - Cannot read IP mode file for STMicroelectronics.X-CUBE-TCPP.4.2.0
2026-01-02 12:32:47,503 [WARN] PackLoader:240 - Cannot read IP mode file for RealThread.X-CUBE-RT-Thread_Nano.4.1.1
2026-01-02 12:32:47,508 [WARN] PackLoader:240 - Cannot read IP mode file for STMicroelectronics.FP-ATR-SIGFOX1.3.2.0
2026-01-02 12:32:47,511 [WARN] ConditionMgr:438 - getConditionDescription Invalid condition id : Cortex-A Device cause : null
2026-01-02 12:32:47,517 [WARN] ConditionMgr:1044 - genDependencies : Invalid condition id : Cortex-A Device cause : null
2026-01-02 12:32:47,517 [WARN] ConditionMgr:1044 - genDependencies : Invalid condition id : Cortex-A Device cause : null
2026-01-02 12:32:47,517 [WARN] ConditionMgr:1044 - genDependencies : Invalid condition id : Cortex-A Device cause : null
2026-01-02 12:32:47,522 [WARN] PackLoader:240 - Cannot read IP mode file for STMicroelectronics.X-CUBE-EEPRMA1.5.1.0
2026-01-02 12:32:47,526 [WARN] PackLoader:240 - Cannot read IP mode file for wolfSSL.I-CUBE-wolfSSL.5.7.6
2026-01-02 12:32:47,533 [WARN] PackLoader:240 - Cannot read IP mode file for ITTIA_DB.I-CUBE-ITTIADB.8.9.0
2026-01-02 12:32:47,540 [WARN] PackLoader:240 - Cannot read IP mode file for STMicroelectronics.X-CUBE-ST67W61.1.0.0
2026-01-02 12:32:47,543 [WARN] PackLoader:240 - Cannot read IP mode file for STMicroelectronics.X-CUBE-AI.10.2.0
2026-01-02 12:32:47,566 [WARN] PackLoader:240 - Cannot read IP mode file for SEGGER.I-CUBE-embOS.1.3.1
2026-01-02 12:32:47,592 [WARN] PackLoader:240 - Cannot read IP mode file for STMicroelectronics.X-CUBE-ALGOBUILD.1.4.0
2026-01-02 12:32:47,632 [WARN] PackLoader:240 - Cannot read IP mode file for STMicroelectronics.X-CUBE-MEMS1.11.3.0
2026-01-02 12:32:47,766 [WARN] PackLoader:240 - Cannot read IP mode file for STMicroelectronics.X-CUBE-PM33A1.1.0.0
2026-01-02 12:32:47,779 [WARN] PackLoader:240 - Cannot read IP mode file for STMicroelectronics.X-CUBE-AZRTOS-F4.1.1.0
2026-01-02 12:32:47,784 [WARN] PackLoader:240 - Cannot read IP mode file for Avnet-IotConnect.X-CUBE-IoTC-DA16k-PMOD.1.0.0
2026-01-02 12:32:47,788 [WARN] PackLoader:240 - Cannot read IP mode file for STMicroelectronics.X-CUBE-ISPU.2.1.0
2026-01-02 12:32:47,793 [ERROR] Engine:466 - C:\Users\GaneshChintalapaty\.stm32cubemx\thirdparties\pdsc\STMicroelectronics.X-CUBE-IPS.3.2.0.pdsc: PDSC version is not supported
2026-01-02 12:32:47,798 [WARN] PackLoader:240 - Cannot read IP mode file for STMicroelectronics.X-CUBE-NFC12.1.0.0
2026-01-02 12:32:47,811 [WARN] PackLoader:240 - Cannot read IP mode file for STMicroelectronics.X-CUBE-AZRTOS-L5.2.0.0
2026-01-02 12:32:47,819 [WARN] PackLoader:240 - Cannot read IP mode file for STMicroelectronics.X-CUBE-NFC6.3.1.0
2026-01-02 12:32:47,827 [WARN] PackLoader:240 - Cannot read IP mode file for STMicroelectronics.X-CUBE-DPower.1.2.0
2026-01-02 12:32:47,831 [WARN] PackLoader:240 - Cannot read IP mode file for STMicroelectronics.X-CUBE-FREERTOS.1.3.1
2026-01-02 12:32:47,835 [WARN] PackLoader:240 - Cannot read IP mode file for STMicroelectronics.X-CUBE-FREERTOS.1.3.0
2026-01-02 12:32:47,840 [WARN] PackLoader:240 - Cannot read IP mode file for STMicroelectronics.X-CUBE-NFC7.1.0.1
2026-01-02 12:32:47,844 [WARN] PackLoader:240 - Cannot read IP mode file for STMicroelectronics.X-CUBE-TOUCHGFX.4.26.0
2026-01-02 12:32:47,848 [WARN] PackLoader:240 - Cannot read IP mode file for STMicroelectronics.FP-SNS-STAIOTCFT.1.0.0
2026-01-02 12:32:47,854 [WARN] PackLoader:240 - Cannot read IP mode file for STMicroelectronics.X-CUBE-DPower.1.3.0
2026-01-02 12:32:47,866 [WARN] ConditionMgr:438 - getConditionDescription Invalid condition id : LAN8742 Phy interface Condition cause : null
2026-01-02 12:32:47,866 [WARN] PackLoader:240 - Cannot read IP mode file for STMicroelectronics.X-CUBE-AZRTOS-L4.2.0.0
2026-01-02 12:32:47,867 [WARN] ConditionMgr:1044 - genDependencies : Invalid condition id : LAN8742 Phy interface Condition cause : null
2026-01-02 12:32:47,868 [WARN] ConditionMgr:1044 - genDependencies : Invalid condition id : LAN8742 Phy interface Condition cause : null
2026-01-02 12:32:47,868 [WARN] ConditionMgr:1044 - genDependencies : Invalid condition id : LAN8742 Phy interface Condition cause : null
2026-01-02 12:32:47,873 [WARN] PackLoader:240 - Cannot read IP mode file for STMicroelectronics.X-CUBE-SFXS2LP1.4.0.0
2026-01-02 12:32:47,890 [WARN] PackLoader:240 - Cannot read IP mode file for STMicroelectronics.X-CUBE-AZRTOS-H7.3.3.0
2026-01-02 12:32:47,899 [WARN] PackLoader:240 - Cannot read IP mode file for STMicroelectronics.X-CUBE-BLEMGR.4.1.0
2026-01-02 12:32:47,908 [WARN] ConditionMgr:438 - getConditionDescription Invalid condition id : UX DEVICE CLASS RTOS Condition cause : null
2026-01-02 12:32:47,908 [WARN] ConditionMgr:438 - getConditionDescription Invalid condition id : UX DEVICE CLASS RTOS Condition cause : null
2026-01-02 12:32:47,910 [WARN] PackLoader:240 - Cannot read IP mode file for STMicroelectronics.X-CUBE-AZRTOS-WB.2.0.0
2026-01-02 12:32:47,912 [WARN] ConditionMgr:1044 - genDependencies : Invalid condition id : UX DEVICE CLASS RTOS Condition cause : null
2026-01-02 12:32:47,912 [WARN] ConditionMgr:1044 - genDependencies : Invalid condition id : UX DEVICE CLASS RTOS Condition cause : null
2026-01-02 12:32:47,912 [WARN] ConditionMgr:1044 - genDependencies : Invalid condition id : UX DEVICE CLASS RTOS Condition cause : null
2026-01-02 12:32:47,912 [WARN] ConditionMgr:1044 - genDependencies : Invalid condition id : UX DEVICE CLASS RTOS Condition cause : null
2026-01-02 12:32:47,912 [WARN] ConditionMgr:1044 - genDependencies : Invalid condition id : UX DEVICE CLASS RTOS Condition cause : null
2026-01-02 12:32:47,917 [WARN] PackLoader:240 - Cannot read IP mode file for STMicroelectronics.X-CUBE-GNSS1.7.0.1
2026-01-02 12:32:47,920 [WARN] PackLoader:240 - Cannot read IP mode file for STMicroelectronics.X-CUBE-TOUCHGFX.4.25.0
2026-01-02 12:32:47,926 [WARN] PackLoader:240 - Cannot read IP mode file for STMicroelectronics.FP-SNS-STBOX1.2.0.0
2026-01-02 12:32:47,936 [WARN] PackLoader:240 - Cannot read IP mode file for STMicroelectronics.X-CUBE-SUBG2.5.0.0
2026-01-02 12:32:47,952 [WARN] PackLoader:240 - Cannot read IP mode file for STMicroelectronics.X-CUBE-AZRTOS-H7RS.1.1.0
2026-01-02 12:32:47,959 [WARN] PackLoader:240 - Cannot read IP mode file for Cesanta.I-CUBE-Mongoose.7.13.0
2026-01-02 12:32:47,968 [WARN] PackLoader:240 - Cannot read IP mode file for STMicroelectronics.X-CUBE-AZRTOS-G4.2.0.0
2026-01-02 12:32:47,974 [WARN] PackLoader:240 - Cannot read IP mode file for wolfSSL.I-CUBE-wolfSSH.1.4.20
2026-01-02 12:32:47,977 [WARN] PackLoader:240 - Cannot read IP mode file for STMicroelectronics.X-CUBE-NFC7.2.0.0
2026-01-02 12:32:47,984 [WARN] PackLoader:240 - Cannot read IP mode file for STMicroelectronics.X-CUBE-IPS.3.1.0
2026-01-02 12:32:47,991 [WARN] PackLoader:240 - Cannot read IP mode file for STMicroelectronics.X-CUBE-ALS.1.0.2
2026-01-02 12:32:47,994 [WARN] PackLoader:240 - Cannot read IP mode file for STMicroelectronics.X-CUBE-TOUCHGFX.4.24.2
2026-01-02 12:32:48,001 [WARN] PackLoader:240 - Cannot read IP mode file for STMicroelectronics.X-CUBE-STSE01.1.0.0
2026-01-02 12:32:48,007 [WARN] PackLoader:240 - Cannot read IP mode file for portGmbH.I-Cube-SoM-uGOAL.1.1.0
2026-01-02 12:32:48,019 [WARN] PackLoader:240 - Cannot read IP mode file for STMicroelectronics.X-CUBE-AZRTOS-H7RS.1.0.0
2026-01-02 12:32:48,028 [WARN] PackLoader:240 - Cannot read IP mode file for STMicroelectronics.X-CUBE-TOF1.3.4.2
2026-01-02 12:32:48,044 [WARN] PackLoader:240 - Cannot read IP mode file for STMicroelectronics.X-CUBE-TOF1.3.4.3
2026-01-02 12:32:48,050 [INFO] ThirdParty:978 - Integrity check success = true
2026-01-02 12:32:48,050 [INFO] IntegrityCheckThread:100 - exiting critical section [integrity check]
2026-01-02 12:32:48,050 [INFO] IntegrityCheckThread:103 - End integrity checks thread
2026-01-02 12:32:49,512 [INFO] ApiDb:240 - Found 858 in-development CPN: [B-G473E-ZEST1S, B-WB1M-WPAN1, B-WBA5M-WPAN, B-WL5M-SUBG1, NUCLEO-C031C6, NUCLEO-C051C8, NUCLEO-C071RB, NUCLEO-C092RC, NUCLEO-H503RB, NUCLEO-H533RE, NUCLEO-H563ZI, NUCLEO-H7S3L8, NUCLEO-N657X0-Q, NUCLEO-U031R8, NUCLEO-U083RC, NUCLEO-U385RG-Q, NUCLEO-U545RE-Q, NUCLEO-U5A5ZJ-Q, NUCLEO-WB05KZ, NUCLEO-WB07CC, NUCLEO-WB09KE, NUCLEO-WBA52CG, NUCLEO-WBA55CG, NUCLEO-WL33CC1, NUCLEO-WL33CC2, STEVAL-PROTEUS1, STEVAL-SMARTAG2, STEVAL-STWINBX1, STM320518-EVAL, STM32C0116-DK, STM32C011D6Y3TR, STM32C011D6Y6TR, STM32C011F4P3, STM32C011F4P6, STM32C011F4U3, STM32C011F4U6TR, STM32C011F6P3, STM32C011F6P6, STM32C011F6U3, STM32C011F6U6TR, STM32C011J4M3, STM32C011J4M6, STM32C011J6M3, STM32C011J6M6, STM32C0316-DK, STM32C031C4T3, STM32C031C4T6, STM32C031C4U3, STM32C031C4U6, STM32C031C6T3, STM32C031C6T6, STM32C031C6U3, STM32C031C6U6, STM32C031F4P3, STM32C031F4P6, STM32C031F6P3, STM32C031F6P6, STM32C031G4U3, STM32C031G4U6, STM32C031G6U3, STM32C031G6U6, STM32C031K4T3, STM32C031K4T6, STM32C031K4U3, STM32C031K4U6, STM32C031K6T3, STM32C031K6T6, STM32C031K6U3, STM32C031K6U6, STM32C051C6T6, STM32C051C6U6, STM32C051C8T6, STM32C051C8U6, STM32C051D8Y6TR, STM32C051F6P6, STM32C051F8P6, STM32C051G6U6, STM32C051G8U6, STM32C051K6T6, STM32C051K6U6, STM32C051K8T6, STM32C071C8T6, STM32C071C8T6N, STM32C071C8U6, STM32C071C8U6N, STM32C071CBT6, STM32C071CBT6N, STM32C071CBU6, STM32C071CBU6N, STM32C071F8P6, STM32C071F8P6N, STM32C071FBP6, STM32C071FBP6N, STM32C071FBY6TR, STM32C071G8U6, STM32C071G8U6N, STM32C071GBU6, STM32C071GBU6N, STM32C071K8T6, STM32C071K8T6N, STM32C071K8U6, STM32C071K8U6N, STM32C071KBT6, STM32C071KBT6N, STM32C071KBU6, STM32C071KBU6N, STM32C071R8T6, STM32C071R8T6N, STM32C071RBI6N, STM32C071RBT6, STM32C071RBT6N, STM32C091CBT6, STM32C091CBU6, STM32C091CCT6, STM32C091CCU6, STM32C091ECY6TR, STM32C091FBP6, STM32C091FCP6, STM32C091GBU6, STM32C091GCU6, STM32C091KBT6, STM32C091KBU6, STM32C091KCT6, STM32C091KCU6, STM32C091RBT6, STM32C091RCI6, STM32C091RCT6, STM32C092CBT6, STM32C092CBU6, STM32C092CCT6, STM32C092CCU6, STM32C092ECY6TR, STM32C092FBP6, STM32C092FCP6, STM32C092GBU6, STM32C092GCU6, STM32C092KBT6, STM32C092KBU6, STM32C092KCT6, STM32C092KCU6, STM32C092RBT6, STM32C092RCI6, STM32C092RCT6, STM32G071K8TXN, STM32G071K8UXN, STM32G081GBU6N, STM32G081KBT6N, STM32G081KBUXN, STM32G0B1CCT6N, STM32G0B1KCT6, STM32G0B1NEY6TR, STM32G0B1RCT6N, STM32G0C1CCT6, STM32G0C1CCT6N, STM32G0C1CCU6N, STM32G0C1CET6N, STM32G0C1CEU6N, STM32G0C1KCT6, STM32G0C1NEY6TR, STM32G0C1RCI6N, STM32G0C1RCT6N, STM32G0C1REI6N, STM32G0C1RET6N, STM32G0C1VCI6, STM32G0C1VEI6, STM32G411C6T3, STM32G411C6T6, STM32G411C6U3, STM32G411C6U6, STM32G411C8T3, STM32G411C8T6, STM32G411C8U3, STM32G411C8U6, STM32G411CBT3, STM32G411CBT6, STM32G411CBU3, STM32G411CBU6, STM32G411CCT3, STM32G411CCT6, STM32G411CCU3, STM32G411CCU6, STM32G411K6T3, STM32G411K6T6, STM32G411K6U3, STM32G411K6U6, STM32G411K8T3, STM32G411K8T6, STM32G411K8U3, STM32G411K8U6, STM32G411KBT3, STM32G411KBT6, STM32G411KBU3, STM32G411KBU6, STM32G411M6T3, STM32G411M6T6, STM32G411M8T3, STM32G411M8T6, STM32G411MBT3, STM32G411MBT6, STM32G411MCT3, STM32G411MCT6, STM32G411R6T3, STM32G411R6T6, STM32G411R8T3, STM32G411R8T6, STM32G411RBT3, STM32G411RBT6, STM32G411RCT3, STM32G411RCT6, STM32G414CBT3, STM32G414CBT6, STM32G414CBU3, STM32G414CBU6, STM32G414CCT3, STM32G414CCT6, STM32G414CCU3, STM32G414CCU6, STM32G414MBT3, STM32G414MBT6, STM32G414MCT3, STM32G414MCT6, STM32G414RBT3, STM32G414RBT6, STM32G414RCT3, STM32G414RCT6, STM32G414VBT3, STM32G414VBT6, STM32G414VCT3, STM32G414VCT6, STM32G431CBT3Z, STM32G431RBT3Z, STM32G471CCT6, STM32G471CCU6, STM32G471CET3, STM32G471CET6, STM32G471CEU3, STM32G471CEU6, STM32G471MCT6, STM32G471MET3, STM32G471MET6, STM32G471MEY6TR, STM32G471QCT6, STM32G471QET3, STM32G471RCT6, STM32G471RET3, STM32G471RET6, STM32G471VCH6, STM32G471VCI6, STM32G471VCT6, STM32G471VEH3, STM32G471VEH6, STM32G471VEI3, STM32G471VEI6, STM32G471VET3, STM32G471VET6, STM32G473QET3Z, STM32G473RET3Z, STM32G474CCT6, STM32G491RET3Z, STM32H503CBT6, STM32H503CBU6, STM32H503EBY6TR, STM32H503KBU6, STM32H503RBT6, STM32H523CCT6, STM32H523CCU6, STM32H523CET6, STM32H523CEU6, STM32H523HEY6TR, STM32H523RCT6, STM32H523RET6, STM32H523VCI6, STM32H523VCT6, STM32H523VEI6, STM32H523VET6, STM32H523ZCJ6, STM32H523ZCT6, STM32H523ZEJ6, STM32H523ZET6, STM32H533CET6, STM32H533CEU6, STM32H533HEY6TR, STM32H533RET6, STM32H533VEI6, STM32H533VET6, STM32H533ZEJ6, STM32H533ZET6, STM32H562AGI6, STM32H562AII6, STM32H562IGK6, STM32H562IGT6, STM32H562IIK6, STM32H562IIT6, STM32H562RGT6, STM32H562RGV6, STM32H562RIT6, STM32H562RIV6, STM32H562VGT6, STM32H562VIT6, STM32H562ZGT6, STM32H562ZIT6, STM32H563AGI6, STM32H563AII3Q, STM32H563AII6, STM32H563IGK6, STM32H563IGT6, STM32H563IIK3Q, STM32H563IIK6, STM32H563IIT3Q, STM32H563IIT6, STM32H563MIY3QTR, STM32H563RGT6, STM32H563RGV6, STM32H563RIT6, STM32H563RIV6, STM32H563VGT6, STM32H563VIT3Q, STM32H563VIT6, STM32H563ZGT6, STM32H563ZIT3Q, STM32H563ZIT6, STM32H573AII3Q, STM32H573AII6, STM32H573I-DK, STM32H573IIK3Q, STM32H573IIK6, STM32H573IIT3Q, STM32H573IIT6, STM32H573MIY3QTR, STM32H573RIT6, STM32H573RIV6, STM32H573VIT3Q, STM32H573VIT6, STM32H573ZIT3Q, STM32H573ZIT6, STM32H7R3A8I6, STM32H7R3I8K6, STM32H7R3I8T6, STM32H7R3L8H6, STM32H7R3L8H6H, STM32H7R3R8V6, STM32H7R3V8H6, STM32H7R3V8T6, STM32H7R3V8Y6TR, STM32H7R3Z8J6, STM32H7R3Z8T6, STM32H7R7A8I6, STM32H7R7I8K6, STM32H7R7I8T6, STM32H7R7L8H6, STM32H7R7L8H6H, STM32H7R7Z8J6, STM32H7S3A8I6, STM32H7S3I8K6, STM32H7S3I8T6, STM32H7S3L8H6, STM32H7S3L8H6H, STM32H7S3R8V6, STM32H7S3V8H6, STM32H7S3V8T6, STM32H7S3V8Y6TR, STM32H7S3Z8J6, STM32H7S3Z8T6, STM32H7S78-DK, STM32H7S7A8I6, STM32H7S7I8K6, STM32H7S7I8T6, STM32H7S7L8H6, STM32H7S7L8H6H, STM32H7S7Z8J6, STM32L4R5QGI6STR, STM32MP131AAE3, STM32MP131AAF3, STM32MP131AAG3, STM32MP131CAE3, STM32MP131CAF3, STM32MP131CAG3, STM32MP131DAE7, STM32MP131DAF7, STM32MP131DAG7, STM32MP131FAE7, STM32MP131FAF7, STM32MP131FAG7, STM32MP133AAE3, STM32MP133AAF3, STM32MP133AAG3, STM32MP133CAE3, STM32MP133CAF3, STM32MP133CAG3, STM32MP133DAE7, STM32MP133DAF7, STM32MP133DAG7, STM32MP133FAE7, STM32MP133FAF7, STM32MP133FAG7, STM32MP135AAE3, STM32MP135AAF3, STM32MP135AAG3, STM32MP135CAE3, STM32MP135CAF3, STM32MP135CAG3, STM32MP135DAE7, STM32MP135DAF7, STM32MP135DAG7, STM32MP135F-DK, STM32MP135FAE7, STM32MP135FAF7, STM32MP135FAF7T, STM32MP135FAF7U, STM32MP135FAG7, STM32MP231AAJ3, STM32MP231AAK3, STM32MP231AAL3, STM32MP231CAJ3, STM32MP231CAK3, STM32MP231CAL3, STM32MP231DAJ3, STM32MP231DAK3, STM32MP231DAL3, STM32MP231FAJ3, STM32MP231FAK3, STM32MP231FAL3, STM32MP233AAJ3, STM32MP233AAK3, STM32MP233AAL3, STM32MP233CAJ3, STM32MP233CAK3, STM32MP233CAL3, STM32MP233DAJ3, STM32MP233DAK3, STM32MP233DAL3, STM32MP233FAJ3, STM32MP233FAK3, STM32MP233FAL3, STM32MP235AAJ3, STM32MP235AAK3, STM32MP235AAL3, STM32MP235CAJ3, STM32MP235CAK3, STM32MP235CAL3, STM32MP235DAJ3, STM32MP235DAK3, STM32MP235DAL3, STM32MP235FAJ3, STM32MP235FAK3, STM32MP235FAL3, STM32MP251AAI3, STM32MP251AAJ3, STM32MP251AAK3, STM32MP251AAL3, STM32MP251CAI3, STM32MP251CAJ3, STM32MP251CAK3, STM32MP251CAL3, STM32MP251DAI3, STM32MP251DAJ3, STM32MP251DAK3, STM32MP251DAL3, STM32MP251FAI3, STM32MP251FAJ3, STM32MP251FAK3, STM32MP251FAL3, STM32MP253AAI3, STM32MP253AAJ3, STM32MP253AAK3, STM32MP253AAL3, STM32MP253CAI3, STM32MP253CAJ3, STM32MP253CAK3, STM32MP253CAL3, STM32MP253DAI3, STM32MP253DAJ3, STM32MP253DAK3, STM32MP253DAL3, STM32MP253FAI3, STM32MP253FAJ3, STM32MP253FAK3, STM32MP253FAL3, STM32MP255AAI3, STM32MP255AAJ3, STM32MP255AAK3, STM32MP255AAL3, STM32MP255CAI3, STM32MP255CAJ3, STM32MP255CAK3, STM32MP255CAL3, STM32MP255DAI3, STM32MP255DAJ3, STM32MP255DAK3, STM32MP255DAL3, STM32MP255FAI3, STM32MP255FAJ3, STM32MP255FAK3, STM32MP255FAL3, STM32MP257AAI3, STM32MP257AAJ3, STM32MP257AAK3, STM32MP257AAL3, STM32MP257CAI3, STM32MP257CAJ3, STM32MP257CAK3, STM32MP257CAL3, STM32MP257DAI3, STM32MP257DAJ3, STM32MP257DAK3, STM32MP257DAL3, STM32MP257F-DK, STM32MP257F-EV1, STM32MP257FAI3, STM32MP257FAJ3, STM32MP257FAK3, STM32MP257FAL3, STM32N645A0H3Q, STM32N645B0H3Q, STM32N645I0H3Q, STM32N645L0H3Q, STM32N645X0H3Q, STM32N645Z0H3Q, STM32N647A0H3Q, STM32N647B0H3Q, STM32N647I0H3Q, STM32N647L0H3Q, STM32N647X0H3Q, STM32N647Z0H3Q, STM32N655A0H3Q, STM32N655B0H3Q, STM32N655I0H3Q, STM32N655L0H3Q, STM32N655X0H3Q, STM32N655Z0H3Q, STM32N6570-DK, STM32N657A0H3Q, STM32N657B0H3Q, STM32N657I0H3Q, STM32N657L0H3Q, STM32N657X0H3Q, STM32N657Z0H3Q, STM32U031C6T6, STM32U031C6U6, STM32U031C8T6, STM32U031C8U6, STM32U031F4P6, STM32U031F6P6, STM32U031F8P6, STM32U031G6Y6TR, STM32U031G8Y6TR, STM32U031K4U6, STM32U031K6U6, STM32U031K8U6, STM32U031R6I6, STM32U031R6T6, STM32U031R8I6, STM32U031R8T6, STM32U073C8T6, STM32U073C8U6, STM32U073CBT6, STM32U073CBU6, STM32U073CCT6, STM32U073CCU6, STM32U073H8Y6TR, STM32U073HBY6TR, STM32U073HCY6TR, STM32U073K8U6, STM32U073KBU6, STM32U073KCU6, STM32U073M8I6, STM32U073M8T6, STM32U073MBI6, STM32U073MBT6, STM32U073MCI6, STM32U073MCT6, STM32U073R8I6, STM32U073R8T6, STM32U073RBI6, STM32U073RBT6, STM32U073RCI6, STM32U073RCT6, STM32U083C-DK, STM32U083CCT6, STM32U083CCU6, STM32U083HCY6TR, STM32U083KCU6, STM32U083MCI6, STM32U083MCT6, STM32U083RCI6, STM32U083RCT6, STM32U375CET6, STM32U375CET6Q, STM32U375CEU6, STM32U375CEU6Q, STM32U375CEY6QTR, STM32U375CGT6, STM32U375CGT6Q, STM32U375CGU6, STM32U375CGU6Q, STM32U375CGY6QTR, STM32U375KEU6, STM32U375KGU6, STM32U375REI6, STM32U375REI6Q, STM32U375RET6, STM32U375RET6Q, STM32U375REY6GTR, STM32U375REY6QTR, STM32U375RGI6, STM32U375RGI6Q, STM32U375RGT6, STM32U375RGT6Q, STM32U375RGY6GTR, STM32U375RGY6QTR, STM32U375VEI6, STM32U375VEI6Q, STM32U375VET6, STM32U375VET6Q, STM32U375VGI6, STM32U375VGI6Q, STM32U375VGT6, STM32U375VGT6Q, STM32U385CGT6, STM32U385CGT6Q, STM32U385CGU6, STM32U385CGU6Q, STM32U385CGY6QTR, STM32U385KGU6, STM32U385RGI6, STM32U385RGI6Q, STM32U385RGT6, STM32U385RGT6Q, STM32U385RGY6GTR, STM32U385RGY6QTR, STM32U385VGI6, STM32U385VGI6Q, STM32U385VGT6, STM32U385VGT6Q, STM32U535CBT6, STM32U535CBT6Q, STM32U535CBU6, STM32U535CBU6Q, STM32U535CCT6, STM32U535CCT6Q, STM32U535CCU6, STM32U535CCU6Q, STM32U535CET6, STM32U535CET6Q, STM32U535CEU6, STM32U535CEU6Q, STM32U535JEY6QTR, STM32U535NCY6QTR, STM32U535NEY6QTR, STM32U535RBI6, STM32U535RBI6Q, STM32U535RBT6, STM32U535RBT6Q, STM32U535RCI6, STM32U535RCI6Q, STM32U535RCT6, STM32U535RCT6Q, STM32U535REI6, STM32U535REI6Q, STM32U535RET6, STM32U535RET6Q, STM32U535VCI6, STM32U535VCI6Q, STM32U535VCT6, STM32U535VCT6Q, STM32U535VEI6, STM32U535VEI6Q, STM32U535VET6, STM32U535VET6Q, STM32U545CET6, STM32U545CET6Q, STM32U545CEU6, STM32U545CEU6Q, STM32U545JEY6QTR, STM32U545NEY6QTR, STM32U545REI6, STM32U545REI6Q, STM32U545RET6, STM32U545RET6Q, STM32U545VEI6, STM32U545VEI6Q, STM32U545VET6, STM32U545VET6Q, STM32U595AIH6, STM32U595AIH6Q, STM32U595AJH6, STM32U595AJH6Q, STM32U595QII6, STM32U595QII6Q, STM32U595QJI6, STM32U595QJI6Q, STM32U595RIT6, STM32U595RIT6Q, STM32U595RJT6, STM32U595RJT6Q, STM32U595VIT6, STM32U595VIT6Q, STM32U595VJT6, STM32U595VJT6Q, STM32U595ZIT6, STM32U595ZIT6Q, STM32U595ZIY6QTR, STM32U595ZJT6, STM32U595ZJT6Q, STM32U595ZJY6QTR, STM32U599BJY6QTR, STM32U599NIH6Q, STM32U599NJH6Q, STM32U599VIT6Q, STM32U599VJT6, STM32U599VJT6Q, STM32U599ZIT6Q, STM32U599ZIY6QTR, STM32U599ZJT6Q, STM32U599ZJY6QTR, STM32U5A5AJH6, STM32U5A5AJH6Q, STM32U5A5QII3Q , STM32U5A5QJI6, STM32U5A5QJI6Q, STM32U5A5RJT6, STM32U5A5RJT6Q, STM32U5A5VJT6, STM32U5A5VJT6Q, STM32U5A5ZJT6, STM32U5A5ZJT6Q, STM32U5A5ZJY6QTR, STM32U5A9BJY6QTR, STM32U5A9J-DK, STM32U5A9NJH6Q, STM32U5A9VJT6Q, STM32U5A9ZJT6Q, STM32U5A9ZJY6QTR, STM32U5F7VIT6, STM32U5F7VIT6Q, STM32U5F7VJT6, STM32U5F7VJT6Q, STM32U5F9BJY6QTR, STM32U5F9NJH6Q, STM32U5F9VIT6Q, STM32U5F9VJT6Q, STM32U5F9ZIJ6QTR, STM32U5F9ZIT6Q, STM32U5F9ZJJ6QTR, STM32U5F9ZJT6Q, STM32U5G7VJT6, STM32U5G7VJT6Q, STM32U5G9BJY6QTR, STM32U5G9J-DK1, STM32U5G9J-DK2, STM32U5G9NJH6Q, STM32U5G9VJT6Q, STM32U5G9ZJJ6QTR, STM32U5G9ZJT6Q, STM32WB05KZV6TR, STM32WB05KZV7TR, STM32WB05TZF6TR, STM32WB05TZF7TR, STM32WB06CCF6TR, STM32WB06CCF7TR, STM32WB06CCV6TR, STM32WB06CCV7TR, STM32WB06KCV6TR, STM32WB06KCV7TR, STM32WB07CCF6TR, STM32WB07CCF7TR, STM32WB07CCV6TR, STM32WB07CCV7TR, STM32WB07KCV6TR, STM32WB07KCV7TR, STM32WB09KEV6TR, STM32WB09KEV7TR, STM32WB09TEF6TR, STM32WB09TEF7TR, STM32WB1MMCH6, STM32WBA50KGU6, STM32WBA50KGU6TR, STM32WBA52CEU6, STM32WBA52CEU6TR, STM32WBA52CEU7, STM32WBA52CEU7TR, STM32WBA52CGU6, STM32WBA52CGU6TR, STM32WBA52CGU6U, STM32WBA52CGU7, STM32WBA52CGU7TR, STM32WBA52KEU6, STM32WBA52KEU6TR, STM32WBA52KGU6, STM32WBA52KGU6TR, STM32WBA54CEU6, STM32WBA54CEU6TR, STM32WBA54CEU7, STM32WBA54CEU7TR, STM32WBA54CGU6, STM32WBA54CGU6TR, STM32WBA54CGU7, STM32WBA54CGU7TR, STM32WBA54KEU6, STM32WBA54KEU6TR, STM32WBA54KEU7, STM32WBA54KEU7TR, STM32WBA54KGU6, STM32WBA54KGU6TR, STM32WBA54KGU7, STM32WBA54KGU7TR, STM32WBA55CEU6, STM32WBA55CEU6TR, STM32WBA55CEU7, STM32WBA55CEU7TR, STM32WBA55CGU6, STM32WBA55CGU6TR, STM32WBA55CGU6U, STM32WBA55CGU7, STM32WBA55CGU7TR, STM32WBA55G-DK1, STM32WBA55HEF6, STM32WBA55HEF7, STM32WBA55HGF6, STM32WBA55HGF7, STM32WBA55UEI6, STM32WBA55UEI6TR, STM32WBA55UEI7, STM32WBA55UEI7TR, STM32WBA55UGI6, STM32WBA55UGI6TR, STM32WBA55UGI7, STM32WBA55UGI7TR, STM32WBA5MJGH6TR, STM32WBA5MJGH6U, STM32WL33C8V6, STM32WL33C8V6TR, STM32WL33C8V7, STM32WL33C8V7TR, STM32WL33CBV6, STM32WL33CBV6TR, STM32WL33CBV7, STM32WL33CBV7TR, STM32WL33CCV6, STM32WL33CCV6TR, STM32WL33CCV7, STM32WL33CCV7A, STM32WL33CCV7ATR, STM32WL33CCV7TR, STM32WL33K8V6, STM32WL33K8V6TR, STM32WL33K8V7, STM32WL33K8V7TR, STM32WL33KBV6, STM32WL33KBV6TR, STM32WL33KBV7, STM32WL33KBV7TR, STM32WL33KCV6, STM32WL33KCV6TR, STM32WL33KCV7, STM32WL33KCV7TR, STM32WL5MOCH6, STM32WL5MOCH6TR]
2026-01-02 12:32:49,517 [INFO] DbMcus:218 - Found 4817 MCUs, 4817 are supported
2026-01-02 12:32:49,517 [INFO] ApiDb:423 - Load user favorites file C:\Users\GaneshChintalapaty/.stm32cubeide/favorites.mcus.txt: 0 item(s)
2026-01-02 12:32:49,517 [INFO] ApiDb:427 - User favorites MCUs=[]
2026-01-02 12:32:49,517 [INFO] DbMcus:224 - Set 0 / 0 favorites MCUs
2026-01-02 12:32:50,027 [INFO] ApiDb:668 - CubeFinder database Data Model version=2.1
2026-01-02 12:32:50,027 [INFO] ApiDb:669 - CubeFinder database Configuration version=3.0.39
2026-01-02 12:32:50,027 [INFO] ApiDb:670 - CubeFinder database generation date=2025-12-22 (1766407740)
2026-01-02 12:32:50,027 [INFO] ApiDb:671 - CubeFinder database FW Pack versions=[FP-ATR-ASTRA1_V2.0.0, FP-SNS-FLIGHT1_V5.1.0, FP-SNS-MOTENV1_V5.1.0, FP-SNS-MOTENVWB1_V1.4.0, FP-SNS-SMARTAG2_V1.2.0, FP-SNS-STBOX1_V2.1.0, STM32Cube_FW_C0_V1.4.0, STM32Cube_FW_F4_V1.28.3, STM32Cube_FW_F7_V1.17.4, STM32Cube_FW_G0_V1.6.2, STM32Cube_FW_G4_V1.6.1, STM32Cube_FW_H5_V1.5.1, STM32Cube_FW_H7RS_V1.3.0, STM32Cube_FW_H7_V1.12.1, STM32Cube_FW_L0_V1.12.2, STM32Cube_FW_L4_V1.18.1, STM32Cube_FW_L5_V1.6.0, STM32Cube_FW_N6_V1.3.0, STM32Cube_FW_U0_V1.3.0, STM32Cube_FW_U3_V1.2.1, STM32Cube_FW_U5_V1.8.0, STM32Cube_FW_WB0_V1.4.0, STM32Cube_FW_WBA_V1.8.0, STM32Cube_FW_WB_V1.24.0, STM32Cube_FW_WL3_V1.3.0, STM32Cube_FW_WL_V1.4.0, X-CUBE-ALGOBUILD_V1.4.0, X-CUBE-ALS_V1.0.2, X-CUBE-AZRTOS-F4_V1.1.0, X-CUBE-AZRTOS-F7_V1.1.0, X-CUBE-AZRTOS-G0_V1.1.0, X-CUBE-AZRTOS-G4_V2.0.0, X-CUBE-AZRTOS-H7RS_V1.1.0, X-CUBE-AZRTOS-H7_V3.4.0, X-CUBE-AZRTOS-L4_V2.0.0, X-CUBE-AZRTOS-L5_V2.0.0, X-CUBE-AZRTOS-WB_V2.0.0, X-CUBE-AZRTOS-WL_V2.0.0, X-CUBE-BLE1_V7.1.0, X-CUBE-BLE2_V3.3.0, X-CUBE-BLEMGR_V4.1.0, X-CUBE-EEPRMA1_V5.2.0, X-CUBE-FREERTOS_V1.3.1, X-CUBE-GNSS1_V6.0.0, X-CUBE-MEMS1_V12.0.0, X-CUBE-NFC4_V3.0.0, X-CUBE-NFC7_V2.0.0, X-CUBE-SFXS2LP1_V4.0.0, X-CUBE-ST67W61_V1.1.0, X-CUBE-SUBG2_V5.0.0, X-CUBE-TOF1_V3.4.3]
2026-01-02 12:32:50,078 [INFO] DbBoardsSqlite:226 - include board P-NUCLEO-WB55-NUCLEO as a kit item of type 'Nucleo-64'
2026-01-02 12:32:50,079 [INFO] DbBoardsSqlite:226 - include board P-NUCLEO-WB55-USBDONGLE as a kit item of type 'Nucleo USB Dongle'
2026-01-02 12:32:50,079 [INFO] DbBoardsSqlite:226 - include board STEVAL-IDP005V1 as a kit item of type 'Evaluation Board'
2026-01-02 12:32:50,079 [INFO] DbBoardsSqlite:226 - include board STEVAL-IDP005V2 as a kit item of type 'Evaluation Board'
2026-01-02 12:32:50,147 [INFO] ApiDb:240 - Found 858 in-development CPN: [B-G473E-ZEST1S, B-WB1M-WPAN1, B-WBA5M-WPAN, B-WL5M-SUBG1, NUCLEO-C031C6, NUCLEO-C051C8, NUCLEO-C071RB, NUCLEO-C092RC, NUCLEO-H503RB, NUCLEO-H533RE, NUCLEO-H563ZI, NUCLEO-H7S3L8, NUCLEO-N657X0-Q, NUCLEO-U031R8, NUCLEO-U083RC, NUCLEO-U385RG-Q, NUCLEO-U545RE-Q, NUCLEO-U5A5ZJ-Q, NUCLEO-WB05KZ, NUCLEO-WB07CC, NUCLEO-WB09KE, NUCLEO-WBA52CG, NUCLEO-WBA55CG, NUCLEO-WL33CC1, NUCLEO-WL33CC2, STEVAL-PROTEUS1, STEVAL-SMARTAG2, STEVAL-STWINBX1, STM320518-EVAL, STM32C0116-DK, STM32C011D6Y3TR, STM32C011D6Y6TR, STM32C011F4P3, STM32C011F4P6, STM32C011F4U3, STM32C011F4U6TR, STM32C011F6P3, STM32C011F6P6, STM32C011F6U3, STM32C011F6U6TR, STM32C011J4M3, STM32C011J4M6, STM32C011J6M3, STM32C011J6M6, STM32C0316-DK, STM32C031C4T3, STM32C031C4T6, STM32C031C4U3, STM32C031C4U6, STM32C031C6T3, STM32C031C6T6, STM32C031C6U3, STM32C031C6U6, STM32C031F4P3, STM32C031F4P6, STM32C031F6P3, STM32C031F6P6, STM32C031G4U3, STM32C031G4U6, STM32C031G6U3, STM32C031G6U6, STM32C031K4T3, STM32C031K4T6, STM32C031K4U3, STM32C031K4U6, STM32C031K6T3, STM32C031K6T6, STM32C031K6U3, STM32C031K6U6, STM32C051C6T6, STM32C051C6U6, STM32C051C8T6, STM32C051C8U6, STM32C051D8Y6TR, STM32C051F6P6, STM32C051F8P6, STM32C051G6U6, STM32C051G8U6, STM32C051K6T6, STM32C051K6U6, STM32C051K8T6, STM32C071C8T6, STM32C071C8T6N, STM32C071C8U6, STM32C071C8U6N, STM32C071CBT6, STM32C071CBT6N, STM32C071CBU6, STM32C071CBU6N, STM32C071F8P6, STM32C071F8P6N, STM32C071FBP6, STM32C071FBP6N, STM32C071FBY6TR, STM32C071G8U6, STM32C071G8U6N, STM32C071GBU6, STM32C071GBU6N, STM32C071K8T6, STM32C071K8T6N, STM32C071K8U6, STM32C071K8U6N, STM32C071KBT6, STM32C071KBT6N, STM32C071KBU6, STM32C071KBU6N, STM32C071R8T6, STM32C071R8T6N, STM32C071RBI6N, STM32C071RBT6, STM32C071RBT6N, STM32C091CBT6, STM32C091CBU6, STM32C091CCT6, STM32C091CCU6, STM32C091ECY6TR, STM32C091FBP6, STM32C091FCP6, STM32C091GBU6, STM32C091GCU6, STM32C091KBT6, STM32C091KBU6, STM32C091KCT6, STM32C091KCU6, STM32C091RBT6, STM32C091RCI6, STM32C091RCT6, STM32C092CBT6, STM32C092CBU6, STM32C092CCT6, STM32C092CCU6, STM32C092ECY6TR, STM32C092FBP6, STM32C092FCP6, STM32C092GBU6, STM32C092GCU6, STM32C092KBT6, STM32C092KBU6, STM32C092KCT6, STM32C092KCU6, STM32C092RBT6, STM32C092RCI6, STM32C092RCT6, STM32G071K8TXN, STM32G071K8UXN, STM32G081GBU6N, STM32G081KBT6N, STM32G081KBUXN, STM32G0B1CCT6N, STM32G0B1KCT6, STM32G0B1NEY6TR, STM32G0B1RCT6N, STM32G0C1CCT6, STM32G0C1CCT6N, STM32G0C1CCU6N, STM32G0C1CET6N, STM32G0C1CEU6N, STM32G0C1KCT6, STM32G0C1NEY6TR, STM32G0C1RCI6N, STM32G0C1RCT6N, STM32G0C1REI6N, STM32G0C1RET6N, STM32G0C1VCI6, STM32G0C1VEI6, STM32G411C6T3, STM32G411C6T6, STM32G411C6U3, STM32G411C6U6, STM32G411C8T3, STM32G411C8T6, STM32G411C8U3, STM32G411C8U6, STM32G411CBT3, STM32G411CBT6, STM32G411CBU3, STM32G411CBU6, STM32G411CCT3, STM32G411CCT6, STM32G411CCU3, STM32G411CCU6, STM32G411K6T3, STM32G411K6T6, STM32G411K6U3, STM32G411K6U6, STM32G411K8T3, STM32G411K8T6, STM32G411K8U3, STM32G411K8U6, STM32G411KBT3, STM32G411KBT6, STM32G411KBU3, STM32G411KBU6, STM32G411M6T3, STM32G411M6T6, STM32G411M8T3, STM32G411M8T6, STM32G411MBT3, STM32G411MBT6, STM32G411MCT3, STM32G411MCT6, STM32G411R6T3, STM32G411R6T6, STM32G411R8T3, STM32G411R8T6, STM32G411RBT3, STM32G411RBT6, STM32G411RCT3, STM32G411RCT6, STM32G414CBT3, STM32G414CBT6, STM32G414CBU3, STM32G414CBU6, STM32G414CCT3, STM32G414CCT6, STM32G414CCU3, STM32G414CCU6, STM32G414MBT3, STM32G414MBT6, STM32G414MCT3, STM32G414MCT6, STM32G414RBT3, STM32G414RBT6, STM32G414RCT3, STM32G414RCT6, STM32G414VBT3, STM32G414VBT6, STM32G414VCT3, STM32G414VCT6, STM32G431CBT3Z, STM32G431RBT3Z, STM32G471CCT6, STM32G471CCU6, STM32G471CET3, STM32G471CET6, STM32G471CEU3, STM32G471CEU6, STM32G471MCT6, STM32G471MET3, STM32G471MET6, STM32G471MEY6TR, STM32G471QCT6, STM32G471QET3, STM32G471RCT6, STM32G471RET3, STM32G471RET6, STM32G471VCH6, STM32G471VCI6, STM32G471VCT6, STM32G471VEH3, STM32G471VEH6, STM32G471VEI3, STM32G471VEI6, STM32G471VET3, STM32G471VET6, STM32G473QET3Z, STM32G473RET3Z, STM32G474CCT6, STM32G491RET3Z, STM32H503CBT6, STM32H503CBU6, STM32H503EBY6TR, STM32H503KBU6, STM32H503RBT6, STM32H523CCT6, STM32H523CCU6, STM32H523CET6, STM32H523CEU6, STM32H523HEY6TR, STM32H523RCT6, STM32H523RET6, STM32H523VCI6, STM32H523VCT6, STM32H523VEI6, STM32H523VET6, STM32H523ZCJ6, STM32H523ZCT6, STM32H523ZEJ6, STM32H523ZET6, STM32H533CET6, STM32H533CEU6, STM32H533HEY6TR, STM32H533RET6, STM32H533VEI6, STM32H533VET6, STM32H533ZEJ6, STM32H533ZET6, STM32H562AGI6, STM32H562AII6, STM32H562IGK6, STM32H562IGT6, STM32H562IIK6, STM32H562IIT6, STM32H562RGT6, STM32H562RGV6, STM32H562RIT6, STM32H562RIV6, STM32H562VGT6, STM32H562VIT6, STM32H562ZGT6, STM32H562ZIT6, STM32H563AGI6, STM32H563AII3Q, STM32H563AII6, STM32H563IGK6, STM32H563IGT6, STM32H563IIK3Q, STM32H563IIK6, STM32H563IIT3Q, STM32H563IIT6, STM32H563MIY3QTR, STM32H563RGT6, STM32H563RGV6, STM32H563RIT6, STM32H563RIV6, STM32H563VGT6, STM32H563VIT3Q, STM32H563VIT6, STM32H563ZGT6, STM32H563ZIT3Q, STM32H563ZIT6, STM32H573AII3Q, STM32H573AII6, STM32H573I-DK, STM32H573IIK3Q, STM32H573IIK6, STM32H573IIT3Q, STM32H573IIT6, STM32H573MIY3QTR, STM32H573RIT6, STM32H573RIV6, STM32H573VIT3Q, STM32H573VIT6, STM32H573ZIT3Q, STM32H573ZIT6, STM32H7R3A8I6, STM32H7R3I8K6, STM32H7R3I8T6, STM32H7R3L8H6, STM32H7R3L8H6H, STM32H7R3R8V6, STM32H7R3V8H6, STM32H7R3V8T6, STM32H7R3V8Y6TR, STM32H7R3Z8J6, STM32H7R3Z8T6, STM32H7R7A8I6, STM32H7R7I8K6, STM32H7R7I8T6, STM32H7R7L8H6, STM32H7R7L8H6H, STM32H7R7Z8J6, STM32H7S3A8I6, STM32H7S3I8K6, STM32H7S3I8T6, STM32H7S3L8H6, STM32H7S3L8H6H, STM32H7S3R8V6, STM32H7S3V8H6, STM32H7S3V8T6, STM32H7S3V8Y6TR, STM32H7S3Z8J6, STM32H7S3Z8T6, STM32H7S78-DK, STM32H7S7A8I6, STM32H7S7I8K6, STM32H7S7I8T6, STM32H7S7L8H6, STM32H7S7L8H6H, STM32H7S7Z8J6, STM32L4R5QGI6STR, STM32MP131AAE3, STM32MP131AAF3, STM32MP131AAG3, STM32MP131CAE3, STM32MP131CAF3, STM32MP131CAG3, STM32MP131DAE7, STM32MP131DAF7, STM32MP131DAG7, STM32MP131FAE7, STM32MP131FAF7, STM32MP131FAG7, STM32MP133AAE3, STM32MP133AAF3, STM32MP133AAG3, STM32MP133CAE3, STM32MP133CAF3, STM32MP133CAG3, STM32MP133DAE7, STM32MP133DAF7, STM32MP133DAG7, STM32MP133FAE7, STM32MP133FAF7, STM32MP133FAG7, STM32MP135AAE3, STM32MP135AAF3, STM32MP135AAG3, STM32MP135CAE3, STM32MP135CAF3, STM32MP135CAG3, STM32MP135DAE7, STM32MP135DAF7, STM32MP135DAG7, STM32MP135F-DK, STM32MP135FAE7, STM32MP135FAF7, STM32MP135FAF7T, STM32MP135FAF7U, STM32MP135FAG7, STM32MP231AAJ3, STM32MP231AAK3, STM32MP231AAL3, STM32MP231CAJ3, STM32MP231CAK3, STM32MP231CAL3, STM32MP231DAJ3, STM32MP231DAK3, STM32MP231DAL3, STM32MP231FAJ3, STM32MP231FAK3, STM32MP231FAL3, STM32MP233AAJ3, STM32MP233AAK3, STM32MP233AAL3, STM32MP233CAJ3, STM32MP233CAK3, STM32MP233CAL3, STM32MP233DAJ3, STM32MP233DAK3, STM32MP233DAL3, STM32MP233FAJ3, STM32MP233FAK3, STM32MP233FAL3, STM32MP235AAJ3, STM32MP235AAK3, STM32MP235AAL3, STM32MP235CAJ3, STM32MP235CAK3, STM32MP235CAL3, STM32MP235DAJ3, STM32MP235DAK3, STM32MP235DAL3, STM32MP235FAJ3, STM32MP235FAK3, STM32MP235FAL3, STM32MP251AAI3, STM32MP251AAJ3, STM32MP251AAK3, STM32MP251AAL3, STM32MP251CAI3, STM32MP251CAJ3, STM32MP251CAK3, STM32MP251CAL3, STM32MP251DAI3, STM32MP251DAJ3, STM32MP251DAK3, STM32MP251DAL3, STM32MP251FAI3, STM32MP251FAJ3, STM32MP251FAK3, STM32MP251FAL3, STM32MP253AAI3, STM32MP253AAJ3, STM32MP253AAK3, STM32MP253AAL3, STM32MP253CAI3, STM32MP253CAJ3, STM32MP253CAK3, STM32MP253CAL3, STM32MP253DAI3, STM32MP253DAJ3, STM32MP253DAK3, STM32MP253DAL3, STM32MP253FAI3, STM32MP253FAJ3, STM32MP253FAK3, STM32MP253FAL3, STM32MP255AAI3, STM32MP255AAJ3, STM32MP255AAK3, STM32MP255AAL3, STM32MP255CAI3, STM32MP255CAJ3, STM32MP255CAK3, STM32MP255CAL3, STM32MP255DAI3, STM32MP255DAJ3, STM32MP255DAK3, STM32MP255DAL3, STM32MP255FAI3, STM32MP255FAJ3, STM32MP255FAK3, STM32MP255FAL3, STM32MP257AAI3, STM32MP257AAJ3, STM32MP257AAK3, STM32MP257AAL3, STM32MP257CAI3, STM32MP257CAJ3, STM32MP257CAK3, STM32MP257CAL3, STM32MP257DAI3, STM32MP257DAJ3, STM32MP257DAK3, STM32MP257DAL3, STM32MP257F-DK, STM32MP257F-EV1, STM32MP257FAI3, STM32MP257FAJ3, STM32MP257FAK3, STM32MP257FAL3, STM32N645A0H3Q, STM32N645B0H3Q, STM32N645I0H3Q, STM32N645L0H3Q, STM32N645X0H3Q, STM32N645Z0H3Q, STM32N647A0H3Q, STM32N647B0H3Q, STM32N647I0H3Q, STM32N647L0H3Q, STM32N647X0H3Q, STM32N647Z0H3Q, STM32N655A0H3Q, STM32N655B0H3Q, STM32N655I0H3Q, STM32N655L0H3Q, STM32N655X0H3Q, STM32N655Z0H3Q, STM32N6570-DK, STM32N657A0H3Q, STM32N657B0H3Q, STM32N657I0H3Q, STM32N657L0H3Q, STM32N657X0H3Q, STM32N657Z0H3Q, STM32U031C6T6, STM32U031C6U6, STM32U031C8T6, STM32U031C8U6, STM32U031F4P6, STM32U031F6P6, STM32U031F8P6, STM32U031G6Y6TR, STM32U031G8Y6TR, STM32U031K4U6, STM32U031K6U6, STM32U031K8U6, STM32U031R6I6, STM32U031R6T6, STM32U031R8I6, STM32U031R8T6, STM32U073C8T6, STM32U073C8U6, STM32U073CBT6, STM32U073CBU6, STM32U073CCT6, STM32U073CCU6, STM32U073H8Y6TR, STM32U073HBY6TR, STM32U073HCY6TR, STM32U073K8U6, STM32U073KBU6, STM32U073KCU6, STM32U073M8I6, STM32U073M8T6, STM32U073MBI6, STM32U073MBT6, STM32U073MCI6, STM32U073MCT6, STM32U073R8I6, STM32U073R8T6, STM32U073RBI6, STM32U073RBT6, STM32U073RCI6, STM32U073RCT6, STM32U083C-DK, STM32U083CCT6, STM32U083CCU6, STM32U083HCY6TR, STM32U083KCU6, STM32U083MCI6, STM32U083MCT6, STM32U083RCI6, STM32U083RCT6, STM32U375CET6, STM32U375CET6Q, STM32U375CEU6, STM32U375CEU6Q, STM32U375CEY6QTR, STM32U375CGT6, STM32U375CGT6Q, STM32U375CGU6, STM32U375CGU6Q, STM32U375CGY6QTR, STM32U375KEU6, STM32U375KGU6, STM32U375REI6, STM32U375REI6Q, STM32U375RET6, STM32U375RET6Q, STM32U375REY6GTR, STM32U375REY6QTR, STM32U375RGI6, STM32U375RGI6Q, STM32U375RGT6, STM32U375RGT6Q, STM32U375RGY6GTR, STM32U375RGY6QTR, STM32U375VEI6, STM32U375VEI6Q, STM32U375VET6, STM32U375VET6Q, STM32U375VGI6, STM32U375VGI6Q, STM32U375VGT6, STM32U375VGT6Q, STM32U385CGT6, STM32U385CGT6Q, STM32U385CGU6, STM32U385CGU6Q, STM32U385CGY6QTR, STM32U385KGU6, STM32U385RGI6, STM32U385RGI6Q, STM32U385RGT6, STM32U385RGT6Q, STM32U385RGY6GTR, STM32U385RGY6QTR, STM32U385VGI6, STM32U385VGI6Q, STM32U385VGT6, STM32U385VGT6Q, STM32U535CBT6, STM32U535CBT6Q, STM32U535CBU6, STM32U535CBU6Q, STM32U535CCT6, STM32U535CCT6Q, STM32U535CCU6, STM32U535CCU6Q, STM32U535CET6, STM32U535CET6Q, STM32U535CEU6, STM32U535CEU6Q, STM32U535JEY6QTR, STM32U535NCY6QTR, STM32U535NEY6QTR, STM32U535RBI6, STM32U535RBI6Q, STM32U535RBT6, STM32U535RBT6Q, STM32U535RCI6, STM32U535RCI6Q, STM32U535RCT6, STM32U535RCT6Q, STM32U535REI6, STM32U535REI6Q, STM32U535RET6, STM32U535RET6Q, STM32U535VCI6, STM32U535VCI6Q, STM32U535VCT6, STM32U535VCT6Q, STM32U535VEI6, STM32U535VEI6Q, STM32U535VET6, STM32U535VET6Q, STM32U545CET6, STM32U545CET6Q, STM32U545CEU6, STM32U545CEU6Q, STM32U545JEY6QTR, STM32U545NEY6QTR, STM32U545REI6, STM32U545REI6Q, STM32U545RET6, STM32U545RET6Q, STM32U545VEI6, STM32U545VEI6Q, STM32U545VET6, STM32U545VET6Q, STM32U595AIH6, STM32U595AIH6Q, STM32U595AJH6, STM32U595AJH6Q, STM32U595QII6, STM32U595QII6Q, STM32U595QJI6, STM32U595QJI6Q, STM32U595RIT6, STM32U595RIT6Q, STM32U595RJT6, STM32U595RJT6Q, STM32U595VIT6, STM32U595VIT6Q, STM32U595VJT6, STM32U595VJT6Q, STM32U595ZIT6, STM32U595ZIT6Q, STM32U595ZIY6QTR, STM32U595ZJT6, STM32U595ZJT6Q, STM32U595ZJY6QTR, STM32U599BJY6QTR, STM32U599NIH6Q, STM32U599NJH6Q, STM32U599VIT6Q, STM32U599VJT6, STM32U599VJT6Q, STM32U599ZIT6Q, STM32U599ZIY6QTR, STM32U599ZJT6Q, STM32U599ZJY6QTR, STM32U5A5AJH6, STM32U5A5AJH6Q, STM32U5A5QII3Q , STM32U5A5QJI6, STM32U5A5QJI6Q, STM32U5A5RJT6, STM32U5A5RJT6Q, STM32U5A5VJT6, STM32U5A5VJT6Q, STM32U5A5ZJT6, STM32U5A5ZJT6Q, STM32U5A5ZJY6QTR, STM32U5A9BJY6QTR, STM32U5A9J-DK, STM32U5A9NJH6Q, STM32U5A9VJT6Q, STM32U5A9ZJT6Q, STM32U5A9ZJY6QTR, STM32U5F7VIT6, STM32U5F7VIT6Q, STM32U5F7VJT6, STM32U5F7VJT6Q, STM32U5F9BJY6QTR, STM32U5F9NJH6Q, STM32U5F9VIT6Q, STM32U5F9VJT6Q, STM32U5F9ZIJ6QTR, STM32U5F9ZIT6Q, STM32U5F9ZJJ6QTR, STM32U5F9ZJT6Q, STM32U5G7VJT6, STM32U5G7VJT6Q, STM32U5G9BJY6QTR, STM32U5G9J-DK1, STM32U5G9J-DK2, STM32U5G9NJH6Q, STM32U5G9VJT6Q, STM32U5G9ZJJ6QTR, STM32U5G9ZJT6Q, STM32WB05KZV6TR, STM32WB05KZV7TR, STM32WB05TZF6TR, STM32WB05TZF7TR, STM32WB06CCF6TR, STM32WB06CCF7TR, STM32WB06CCV6TR, STM32WB06CCV7TR, STM32WB06KCV6TR, STM32WB06KCV7TR, STM32WB07CCF6TR, STM32WB07CCF7TR, STM32WB07CCV6TR, STM32WB07CCV7TR, STM32WB07KCV6TR, STM32WB07KCV7TR, STM32WB09KEV6TR, STM32WB09KEV7TR, STM32WB09TEF6TR, STM32WB09TEF7TR, STM32WB1MMCH6, STM32WBA50KGU6, STM32WBA50KGU6TR, STM32WBA52CEU6, STM32WBA52CEU6TR, STM32WBA52CEU7, STM32WBA52CEU7TR, STM32WBA52CGU6, STM32WBA52CGU6TR, STM32WBA52CGU6U, STM32WBA52CGU7, STM32WBA52CGU7TR, STM32WBA52KEU6, STM32WBA52KEU6TR, STM32WBA52KGU6, STM32WBA52KGU6TR, STM32WBA54CEU6, STM32WBA54CEU6TR, STM32WBA54CEU7, STM32WBA54CEU7TR, STM32WBA54CGU6, STM32WBA54CGU6TR, STM32WBA54CGU7, STM32WBA54CGU7TR, STM32WBA54KEU6, STM32WBA54KEU6TR, STM32WBA54KEU7, STM32WBA54KEU7TR, STM32WBA54KGU6, STM32WBA54KGU6TR, STM32WBA54KGU7, STM32WBA54KGU7TR, STM32WBA55CEU6, STM32WBA55CEU6TR, STM32WBA55CEU7, STM32WBA55CEU7TR, STM32WBA55CGU6, STM32WBA55CGU6TR, STM32WBA55CGU6U, STM32WBA55CGU7, STM32WBA55CGU7TR, STM32WBA55G-DK1, STM32WBA55HEF6, STM32WBA55HEF7, STM32WBA55HGF6, STM32WBA55HGF7, STM32WBA55UEI6, STM32WBA55UEI6TR, STM32WBA55UEI7, STM32WBA55UEI7TR, STM32WBA55UGI6, STM32WBA55UGI6TR, STM32WBA55UGI7, STM32WBA55UGI7TR, STM32WBA5MJGH6TR, STM32WBA5MJGH6U, STM32WL33C8V6, STM32WL33C8V6TR, STM32WL33C8V7, STM32WL33C8V7TR, STM32WL33CBV6, STM32WL33CBV6TR, STM32WL33CBV7, STM32WL33CBV7TR, STM32WL33CCV6, STM32WL33CCV6TR, STM32WL33CCV7, STM32WL33CCV7A, STM32WL33CCV7ATR, STM32WL33CCV7TR, STM32WL33K8V6, STM32WL33K8V6TR, STM32WL33K8V7, STM32WL33K8V7TR, STM32WL33KBV6, STM32WL33KBV6TR, STM32WL33KBV7, STM32WL33KBV7TR, STM32WL33KCV6, STM32WL33KCV6TR, STM32WL33KCV7, STM32WL33KCV7TR, STM32WL5MOCH6, STM32WL5MOCH6TR]
2026-01-02 12:32:50,408 [INFO] BoardInfo:889 - No configuration file found for board NUCLEO-WBA65RI
2026-01-02 12:32:50,410 [INFO] DbBoards:161 - Board is not supported: NUCLEO-WBA65RI
2026-01-02 12:32:50,423 [INFO] BoardInfo:889 - No configuration file found for board P-NUCLEO-WB55
2026-01-02 12:32:50,424 [INFO] DbBoards:161 - Kit is not supported: P-NUCLEO-WB55
2026-01-02 12:32:50,431 [INFO] BoardInfo:889 - No configuration file found for board STEVAL-BFA001V1B
2026-01-02 12:32:50,433 [INFO] DbBoards:161 - Kit is not supported: STEVAL-BFA001V1B
2026-01-02 12:32:50,433 [INFO] BoardInfo:889 - No configuration file found for board STEVAL-BFA001V2B
2026-01-02 12:32:50,435 [INFO] DbBoards:161 - Kit is not supported: STEVAL-BFA001V2B
2026-01-02 12:32:50,650 [INFO] BoardInfo:889 - No configuration file found for board STM32WBA65I-DK1
2026-01-02 12:32:50,651 [INFO] DbBoards:161 - Board is not supported: STM32WBA65I-DK1
2026-01-02 12:32:50,651 [INFO] DbBoards:168 - Found 211 boards, 206 are supported
2026-01-02 12:32:50,652 [INFO] DbBoards:169 - Found 211 boards, 42 of them is supported for  Bsp
2026-01-02 12:32:50,654 [INFO] ApiDb:423 - Load user favorites file C:\Users\GaneshChintalapaty/.stm32cubeide/favorites.boards.txt: 0 item(s)
2026-01-02 12:32:50,654 [INFO] ApiDb:427 - User favorites Boards=[]
2026-01-02 12:32:50,654 [INFO] DbBoards:198 - Set 0 / 0 favorites Boards
2026-01-02 12:32:50,655 [INFO] ApiDb:668 - CubeFinder database Data Model version=2.1
2026-01-02 12:32:50,656 [INFO] ApiDb:669 - CubeFinder database Configuration version=3.0.39
2026-01-02 12:32:50,656 [INFO] ApiDb:670 - CubeFinder database generation date=2025-12-22 (1766407740)
2026-01-02 12:32:50,656 [INFO] ApiDb:671 - CubeFinder database FW Pack versions=[FP-ATR-ASTRA1_V2.0.0, FP-SNS-FLIGHT1_V5.1.0, FP-SNS-MOTENV1_V5.1.0, FP-SNS-MOTENVWB1_V1.4.0, FP-SNS-SMARTAG2_V1.2.0, FP-SNS-STBOX1_V2.1.0, STM32Cube_FW_C0_V1.4.0, STM32Cube_FW_F4_V1.28.3, STM32Cube_FW_F7_V1.17.4, STM32Cube_FW_G0_V1.6.2, STM32Cube_FW_G4_V1.6.1, STM32Cube_FW_H5_V1.5.1, STM32Cube_FW_H7RS_V1.3.0, STM32Cube_FW_H7_V1.12.1, STM32Cube_FW_L0_V1.12.2, STM32Cube_FW_L4_V1.18.1, STM32Cube_FW_L5_V1.6.0, STM32Cube_FW_N6_V1.3.0, STM32Cube_FW_U0_V1.3.0, STM32Cube_FW_U3_V1.2.1, STM32Cube_FW_U5_V1.8.0, STM32Cube_FW_WB0_V1.4.0, STM32Cube_FW_WBA_V1.8.0, STM32Cube_FW_WB_V1.24.0, STM32Cube_FW_WL3_V1.3.0, STM32Cube_FW_WL_V1.4.0, X-CUBE-ALGOBUILD_V1.4.0, X-CUBE-ALS_V1.0.2, X-CUBE-AZRTOS-F4_V1.1.0, X-CUBE-AZRTOS-F7_V1.1.0, X-CUBE-AZRTOS-G0_V1.1.0, X-CUBE-AZRTOS-G4_V2.0.0, X-CUBE-AZRTOS-H7RS_V1.1.0, X-CUBE-AZRTOS-H7_V3.4.0, X-CUBE-AZRTOS-L4_V2.0.0, X-CUBE-AZRTOS-L5_V2.0.0, X-CUBE-AZRTOS-WB_V2.0.0, X-CUBE-AZRTOS-WL_V2.0.0, X-CUBE-BLE1_V7.1.0, X-CUBE-BLE2_V3.3.0, X-CUBE-BLEMGR_V4.1.0, X-CUBE-EEPRMA1_V5.2.0, X-CUBE-FREERTOS_V1.3.1, X-CUBE-GNSS1_V6.0.0, X-CUBE-MEMS1_V12.0.0, X-CUBE-NFC4_V3.0.0, X-CUBE-NFC7_V2.0.0, X-CUBE-SFXS2LP1_V4.0.0, X-CUBE-ST67W61_V1.1.0, X-CUBE-SUBG2_V5.0.0, X-CUBE-TOF1_V3.4.3]
2026-01-02 12:32:51,292 [ERROR] DbExamplesSqlite:437 - Missing JSON key: board_cpn
2026-01-02 12:32:51,292 [ERROR] DbExamplesSqlite:437 - Missing JSON key: board_cpn
2026-01-02 12:32:51,292 [ERROR] DbExamplesSqlite:437 - Missing JSON key: board_cpn
2026-01-02 12:32:51,293 [ERROR] DbExamplesSqlite:437 - Missing JSON key: board_cpn
2026-01-02 12:32:51,576 [ERROR] DbExamplesSqlite:437 - Missing JSON key: board_cpn
2026-01-02 12:32:51,576 [ERROR] DbExamplesSqlite:437 - Missing JSON key: board_cpn
2026-01-02 12:32:51,591 [INFO] DbExamplesSqlite:395 - Ignored 42 examples not supported by CubeIDE
2026-01-02 12:32:51,592 [INFO] DbExamplesSqlite:396 - Found 10819 examples active
2026-01-02 12:32:51,592 [INFO] DbExamplesSqlite:397 - Found 0 examples obsolete
2026-01-02 12:32:51,592 [INFO] DbExamplesSqlite:398 - Found 0 examples under development
2026-01-02 12:32:51,592 [INFO] DbExamplesSqlite:399 - Found 85 examples not building
2026-01-02 12:32:51,594 [INFO] DbExamples:125 - Found 10862 examples
2026-01-02 12:32:51,635 [ERROR] DbExamples:208 - Found 73 examples with invalid data (board or MCU)
2026-01-02 12:32:51,636 [INFO] DbExamples:222 - Found 134 boards with related examples
2026-01-02 12:32:51,636 [INFO] DbExamples:235 - Found 111 MCUs with related examples
2026-01-02 12:32:51,655 [INFO] ApiDb:414 - User favorites file not found: C:\Users\GaneshChintalapaty/.stm32cubeide/favorites.examples.txt
2026-01-02 12:32:51,655 [INFO] DbExamples:250 - Set 0 / 0 favorites Examples
2026-01-02 12:32:51,826 [INFO] McuFinderGlobals:76 - Set McuFinderConnectedMode to true
2026-01-02 12:32:51,834 [INFO] MultiScanPanel:200 - Auto-refresh data requested => check proxy status ongoing
2026-01-02 12:32:51,837 [INFO] FinderPluginLoader:95 - Searching for filters in installed packs
2026-01-02 12:32:53,230 [INFO] LoadUrlFilesThread:185 - End of LoadServerUrlFiles without Thread
2026-01-02 12:32:53,251 [INFO] DetailPanel:341 - Set advertising image to C:/Users/GaneshChintalapaty/STM32Cube/Repository/\en.prom-st67w-expansion-board.png
2026-01-02 12:33:18,043 [INFO] MultiScanPanel:200 - Auto-refresh data requested => check proxy status ongoing
2026-01-02 12:33:18,219 [INFO] LoadUrlFilesThread:185 - End of LoadServerUrlFiles without Thread
2026-01-02 12:33:18,219 [INFO] DetailPanel:341 - Set advertising image to C:/Users/GaneshChintalapaty/STM32Cube/Repository/\en.prom-st67w-expansion-board.png
2026-01-02 12:33:18,241 [INFO] DbBoards:642 - Loading board mini-images...
2026-01-02 12:33:20,526 [INFO] DbBoards:665 - Loaded 211 board mini-images
2026-01-02 12:34:45,467 [INFO] McuFinderGlobals:76 - Set McuFinderConnectedMode to true
2026-01-02 12:34:45,473 [INFO] ApiDb:448 - Save user favorites file C:\Users\GaneshChintalapaty/.stm32cubeide/favorites.mcus.txt: 0 item(s)
2026-01-02 12:34:45,473 [INFO] ApiDb:452 - User favorites MCUs=[]
2026-01-02 12:34:45,476 [INFO] ApiDb:448 - Save user favorites file C:\Users\GaneshChintalapaty/.stm32cubeide/favorites.boards.txt: 0 item(s)
2026-01-02 12:34:45,476 [INFO] ApiDb:452 - User favorites Boards=[]
2026-01-02 14:22:57,161 [ERROR] ConfigurationRetriever:142 - IOException on connection: Read timed out
2026-01-02 14:22:59,177 [ERROR] ConfigurationRetriever:142 - IOException on connection: Read timed out
2026-01-02 14:23:01,194 [ERROR] ConfigurationRetriever:142 - IOException on connection: Read timed out
2026-01-02 14:23:03,294 [ERROR] ConfigurationRetriever:142 - IOException on connection: Read timed out
2026-01-02 14:23:05,312 [ERROR] ConfigurationRetriever:142 - IOException on connection: Read timed out
2026-01-02 14:23:07,326 [ERROR] ConfigurationRetriever:142 - IOException on connection: Read timed out
2026-01-02 14:45:22,963 [INFO] WebApp:190 - Connection lost
2026-01-02 14:45:41,158 [INFO] WebApp:187 - Connection restablished
2026-01-02 15:20:22,489 [INFO] WebApp:190 - Connection lost
2026-01-02 15:20:22,605 [INFO] WebApp:187 - Connection restablished
2026-01-02 15:47:41,492 [INFO] WebApp:190 - Connection lost
2026-01-02 15:47:41,617 [INFO] WebApp:187 - Connection restablished
